### ③ 喂给大模型的原文  [skill] suspicious_process  [模式] recipe
(实际 user prompt —— 取证证据 + 原始告警原文;下面就是模型看到的全部)
待研判告警 + 已备齐证据:
{
  "alert": {
    "alert_uid": "cc254e6282018ffddb70227acf12e4bd27f8a4c4e295306e95cbe2fbefaebf19",
    "rule_id": "92201",
    "technique_ids": [
      "T1105",
      "T1059"
    ],
    "time": "2026-07-21T10:12:21.783+0000"
  },
  "证据": {
    "触发事件": {
      "event_code": "11",
      "creation_time": "2026-07-21 10:12:20.780",
      "event_time": "2026-07-21T10:12:20.787545000Z"
    },
    "主语进程": {
      "image": "C:\\\\Windows\\\\System32\\\\WindowsPowerShell\\\\v1.0\\\\powershell.exe",
      "command_line": "powershell.exe -ExecutionPolicy Restricted -Command $res = 0; if(get-vmswitch | Where {$_.NetAdapterInterfaceDescription -ne $null -and $_.NetAdapterInterfaceDescription -eq (Get-NetLbfoTeamNic).InterfaceDescription}){$res=1}; Write-Host \"Final result:\", $res",
      "pid": "5032",
      "process_guid": "{5d3417cb-4603-6a5f-3d10-000000000f00}",
      "hashes": "MD5=7353F60B1739074EB17C5F4DDDEFE239,SHA256=DE96A6E69944335375DC1AC238336066889D9FFC7D73628EF4FE1B1B160AB32C,IMPHASH=741776AACCFC5B71FF59832DCDCACE0F"
    },
    "落地文件": [
      "C:\\Windows\\Temp\\__PSScriptPolicyTest_2zkotrqc.5kd.ps1",
      "C:\\\\Windows\\\\Temp\\\\__PSScriptPolicyTest_2zkotrqc.5kd.ps1"
    ],
    "子进程(含命令行)": [],
    "主机": "kingslanding.sevenkingdoms.local",
    "供给/自检噪声": "ps_execution_policy_probe(良性:PowerShell 执行策略自检(系统自动写,非攻击))",
    "父进程": {
      "parent_image": "C:\\Windows\\System32\\CompatTelRunner.exe",
      "image": "C:\\\\Windows\\\\System32\\\\WindowsPowerShell\\\\v1.0\\\\powershell.exe"
    },
    "子进程后续行为": [
      {
        "descendants": [],
        "out_ips": [],
        "accessed_procs": []
      }
    ],
    "_图盲区": "进程 EXE 签名/是否 LOLBin 原版、完整性级别提权、外连内容 —— 未建模;已解码命令与噪声标签见上,据此判良性/恶意"
  },
  "原始告警(原文)": "{\"@timestamp\": \"2026-07-21T10:12:24.412Z\", \"log\": {\"offset\": 94893854, \"file\": {\"path\": \"/logs/wazuh/alerts.json\"}}, \"log_source\": \"wazuh\", \"host\": {\"name\": \"f8e24743dcc1\"}, \"id\": \"1784628741.171031408\", \"decoder\": {\"name\": \"windows_eventchannel\"}, \"ecs\": {\"version\": \"1.12.0\"}, \"agent\": {\"id\": \"003\", \"name\": \"kingslanding\", \"ip\": \"x.x.x.10\", \"hostname\": \"f8e24743dcc1\", \"ephemeral_id\": \"d5d271ec-e831-42dd-9d03-45d8ccd7a05b\", \"type\": \"filebeat\", \"version\": \"7.17.22\"}, \"data\": {\"win\": {\"system\": {\"task\": \"11\", \"severityValue\": \"INFORMATION\", \"version\": \"2\", \"systemTime\": \"2026-07-21T10:12:20.787545000Z\", \"providerName\": \"Microsoft-Windows-Sysmon\", \"providerGuid\": \"{5770385f-c22a-43e0-bf4c-06f5698ffbd9}\", \"opcode\": \"0\", \"eventID\": \"11\", \"processID\": \"964\", \"channel\": \"Microsoft-Windows-Sysmon/Operational\", \"level\": \"4\", \"computer\": \"kingslanding.sevenkingdoms.local\", \"message\": \"\\\"File created:\\r\\nRuleName: -\\r\\nUtcTime: 2026-07-21 10:12:20.780\\r\\nProcessGuid: {5d3417cb-4603-6a5f-3d10-000000000f00}\\r\\nProcessId: 5032\\r\\nImage: C:\\\\Windows\\\\System32\\\\WindowsPowerShell\\\\v1.0\\\\powershell.exe\\r\\nTargetFilename: C:\\\\Windows\\\\Temp\\\\__PSScriptPolicyTest_2zkotrqc.5kd.ps1\\r\\nCreationUtcTime: 2026-07-21 10:12:20.780\\r\\nUser: NT AUTHORITY\\\\SYSTEM\\\"\", \"threadID\": \"4024\", \"keywords\": \"0x8000000000000000\", \"eventRecordID\": \"992942\"}, \"eventdata\": {\"user\": \"NT AUTHORITY\\\\\\\\SYSTEM\", \"utcTime\": \"2026-07-21 10:12:20.780\", \"processGuid\": \"{5d3417cb-4603-6a5f-3d10-000000000f00}\", \"processId\": \"5032\", \"image\": \"C:\\\\\\\\Windows\\\\\\\\System32\\\\\\\\WindowsPowerShell\\\\\\\\v1.0\\\\\\\\powershell.exe\", \"targetFilename\": \"C:\\\\\\\\Windows\\\\\\\\Temp\\\\\\\\__PSScriptPolicyTest_2zkotrqc.5kd.ps1\", \"creationUtcTime\": \"2026-07-21 10:12:20.780\"}}}, \"location\": \"EventChannel\", \"input\": {\"type\": \"log\"}, \"rule\": {\"firedtimes\": 3, \"mail\": false, \"groups\": [\"sysmon\", \"sysmon_eid11_detections\", \"windows\"], \"level\": 9, \"description\": \"C:\\\\\\\\Windows\\\\\\\\System32\\\\\\\\WindowsPowerShell\\\\\\\\v1.0\\\\\\\\powershell.exe created a new scripting file under Windows Temp or User data folder\", \"id\": \"92201\", \"mitre\": {\"id\": [\"T1105\", \"T1059\"], \"tactic\": [\"Command and Control\", \"Execution\"], \"technique\": [\"Ingress Tool Transfer\", \"Command and Scripting Interpreter\"]}}, \"log_type\": \"hids_alert\", \"manager\": {\"name\": \"e5bb7343f06d\"}, \"timestamp\": \"2026-07-21T10:12:21.783+0000\"}"
}

### ④ 研判(留痕 + 结果)
# 研判留痕(10 步)
[1] recipe取证「触发事件」→ 1 行
[2] recipe取证「主语进程」→ 1 行
[3] recipe取证「落地文件」→ 2 行
[4] recipe取证「子进程(含命令行)」→ 0 行
[5] recipe取证「主机」→ 1 行
[6] recipe取证「供给/自检噪声」→ 1 行
[7] recipe取证「父进程」→ 1 行
[8] recipe取证「子进程后续行为」→ 1 行
[9] recipe取证「_图盲区」→ 1 行
[10] ▶ 喂大模型的 user prompt(4427 字符;全文见 §③)

# 研判结果  alert=cc254e6282018ffddb70227acf12e4bd27f8a4c4e295306e95cbe2fbefaebf19  path=B  skill=suspicious_process
verdict   : false_positive  (confidence=0.95)
summary   : PowerShell 执行策略自检噪声 (ps_execution_policy_probe)，系统自动行为，非攻击。
rationale : 证据明确标注落地文件名为 `__PSScriptPolicyTest_*.ps1`，属于 PowerShell 执行策略自检的已知良性噪声。父进程 `CompatTelRunner.exe` 为 Windows 兼容性检查工具，其触发策略自检是正常系统行为。无恶意特征。
evidence  : ['alert_uid: cc254e6282018ffddb70227acf12e4bd27f8a4c4e295306e95cbe2fbefaebf19', 'event_code: 11', 'file_path: C:\\Windows\\Temp\\__PSScriptPolicyTest_2zkotrqc.5kd.ps1', 'noise_tag: ps_execution_policy_probe']
agent     : qwen3.5-9b
处置(建议): 无

============================================================================
## [9/10] technique=(none)   该类共 100 条   uid=05313449906b1f6710b349c71b6e624ba8117961f8f3de164e7f701aca1d2f8d
============================================================================
### ① 原始告警节点(:Alert)
{
  "severity": 10,
  "first_seen": "2026-07-16T06:20:14.525272000Z",
  "last_seen": "2026-07-16T06:20:14.525272000Z",
  "raw": "{\"@timestamp\": \"2026-07-16T06:20:17.032Z\", \"ecs\": {\"version\": \"1.12.0\"}, \"previous_output\": \"{\\\"win\\\":{\\\"system\\\":{\\\"providerName\\\":\\\"Microsoft-Windows-DistributedCOM\\\",\\\"providerGuid\\\":\\\"{1B562E86-B7AA-4131-BADC-B6F3A001407E}\\\",\\\"eventSourceName\\\":\\\"DCOM\\\",\\\"eventID\\\":\\\"10016\\\",\\\"version\\\":\\\"0\\\",\\\"level\\\":\\\"2\\\",\\\"task\\\":\\\"0\\\",\\\"opcode\\\":\\\"0\\\",\\\"keywords\\\":\\\"0x8080000000000000\\\",\\\"systemTime\\\":\\\"2026-07-16T06:20:11.368474700Z\\\",\\\"eventRecordID\\\":\\\"9195\\\",\\\"processID\\\":\\\"772\\\",\\\"threadID\\\":\\\"3536\\\",\\\"channel\\\":\\\"System\\\",\\\"computer\\\":\\\"meereen.essos.local\\\",\\\"severityValue\\\":\\\"ERROR\\\",\\\"message\\\":\\\"\\\\\\\"The application-specific permission settings do not grant Local Activation permission for the COM Server application with CLSID \\\\r\\\\n{D63B10C5-BB46-4990-A94F-E40B9D520160}\\\\r\\\\n and APPID \\\\r\\\\n{9CA88EE3-ACB7-47C8-AFC4-AB702511C276}\\\\r\\\\n to the user ESSOS\\\\\\\\vagrant SID (S-1-5-21-4206617935-2580949811-1114734249-1000) from address LocalHost (Using LRPC) running in the application container Unavailable SID (Unavailable). This security permission can be modified using the Component Services administrative tool.\\\\\\\"\\\"},\\\"eventdata\\\":{\\\"param1\\\":\\\"application-specific\\\",\\\"param2\\\":\\\"Local\\\",\\\"param3\\\":\\\"Activation\\\",\\\"param4\\\":\\\"{D63B10C5-BB46-4990-A94F-E40B9D520160}\\\",\\\"param5\\\":\\\"{9CA88EE3-ACB7-47C8-AFC4-AB702511C276}\\\",\\\"param6\\\":\\\"ESSOS\\\",\\\"param7\\\":\\\"vagrant\\\",\\\"param8\\\":\\\"S-1-5-21-4206617935-2580949811-1114734249-1000\\\",\\\"param9\\\":\\\"LocalHost (Using LRPC)\\\",\\\"param10\\\":\\\"Unavailable\\\",\\\"param11\\\":\\\"Unavailable\\\"}}}\\n{\\\"win\\\":{\\\"system\\\":{\\\"providerName\\\":\\\"Microsoft-Windows-DistributedCOM\\\",\\\"providerGuid\\\":\\\"{1B562E86-B7AA-4131-BADC-B6F3A001407E}\\\",\\\"eventSourceName\\\":\\\"DCOM\\\",\\\"eventID\\\":\\\"10016\\\",\\\"version\\\":\\\"0\\\",\\\"level\\\":\\\"2\\\",\\\"task\\\":\\\"0\\\",\\\"opcode\\\":\\\"0\\\",\\\"keywords\\\":\\\"0x8080000000000000\\\",\\\"systemTime\\\":\\\"2026-07-16T06:20:08.323423400Z\\\",\\\"eventRecordID\\\":\\\"9194\\\",\\\"processID\\\":\\\"772\\\",\\\"threadID\\\":\\\"3536\\\",\\\"channel\\\":\\\"System\\\",\\\"computer\\\":\\\"meereen.essos.local\\\",\\\"severityValue\\\":\\\"ERROR\\\",\\\"message\\\":\\\"\\\\\\\"The application-specific permission settings do not grant Local Activation permission for the COM Server application with CLSID \\\\r\\\\n{D63B10C5-BB46-4990-A94F-E40B9D520160}\\\\r\\\\n and APPID \\\\r\\\\n{9CA88EE3-ACB7-47C8-AFC4-AB702511C276}\\\\r\\\\n to the user ESSOS\\\\\\\\vagrant SID (S-1-5-21-4206617935-2580949811-1114734249-1000) from address LocalHost (Using LRPC) running in the application container Unavailable SID (Unavailable). This security permission can be modified using the Component Services administrative tool.\\\\\\\"\\\"},\\\"eventdata\\\":{\\\"param1\\\":\\\"application-specific\\\",\\\"param2\\\":\\\"Local\\\",\\\"param3\\\":\\\"Activation\\\",\\\"param4\\\":\\\"{D63B10C5-BB46-4990-A94F-E40B9D520160}\\\",\\\"param5\\\":\\\"{9CA88EE3-ACB7-47C8-AFC4-AB702511C276}\\\",\\\"param6\\\":\\\"ESSOS\\\",\\\"param7\\\":\\\"vagrant\\\",\\\"param8\\\":\\\"S-1-5-21-4206617935-2580949811-1114734249-1000\\\",\\\"param9\\\":\\\"LocalHost (Using LRPC)\\\",\\\"param10\\\":\\\"Unavailable\\\",\\\"param11\\\":\\\"Unavailable\\\"}}}\\n{\\\"win\\\":{\\\"system\\\":{\\\"providerName\\\":\\\"Microsoft-Windows-DistributedCOM\\\",\\\"providerGuid\\\":\\\"{1B562E86-B7AA-4131-BADC-B6F3A001407E}\\\",\\\"eventSourceName\\\":\\\"DCOM\\\",\\\"eventID\\\":\\\"10016\\\",\\\"version\\\":\\\"0\\\",\\\"level\\\":\\\"2\\\",\\\"task\\\":\\\"0\\\",\\\"opcode\\\":\\\"0\\\",\\\"keywords\\\":\\\"0x8080000000000000\\\",\\\"systemTime\\\":\\\"2026-07-16T06:20:05.009492700Z\\\",\\\"eventRecordID\\\":\\\"9193\\\",\\\"processID\\\":\\\"772\\\",\\\"threadID\\\":\\\"3868\\\",\\\"channel\\\":\\\"System\\\",\\\"computer\\\":\\\"meereen.essos.local\\\",\\\"severityValue\\\":\\\"ERROR\\\",\\\"message\\\":\\\"\\\\\\\"The application-specific permission settings do not grant Local Activation permission for the COM Server application with CLSID \\\\r\\\\n{D63B10C5-BB46-4990-A94F-E40B9D520160}\\\\r\\\\n and APPID \\\\r\\\\n{9CA88EE3-ACB7-47C8-AFC4-AB702511C276}\\\\r\\\\n to the user ESSOS\\\\\\\\vagrant SID (S-1-5-21-4206617935-2580949811-1114734249-1000) from address LocalHost (Using LRPC) running in the application container Unavailable SID (Unavailable). This security permission can be modified using the Component Services administrative tool.\\\\\\\"\\\"},\\\"eventdata\\\":{\\\"param1\\\":\\\"application-specific\\\",\\\"param2\\\":\\\"Local\\\",\\\"param3\\\":\\\"Activation\\\",\\\"param4\\\":\\\"{D63B10C5-BB46-4990-A94F-E40B9D520160}\\\",\\\"param5\\\":\\\"{9CA88EE3-ACB7-47C8-AFC4-AB702511C276}\\\",\\\"param6\\\":\\\"ESSOS\\\",\\\"param7\\\":\\\"vagrant\\\",\\\"param8\\\":\\\"S-1-5-21-4206617935-2580949811-1114734249-1000\\\",\\\"param9\\\":\\\"LocalHost (Using LRPC)\\\",\\\"param10\\\":\\\"Unavailable\\\",\\\"param11\\\":\\\"Unavailable\\\"}}}\\n{\\\"win\\\":{\\\"system\\\":{\\\"providerName\\\":\\\"Microsoft-Windows-DistributedCOM\\\",\\\"providerGuid\\\":\\\"{1B562E86-B7AA-4131-BADC-B6F3A001407E}\\\",\\\"eventSourceName\\\":\\\"DCOM\\\",\\\"eventID\\\":\\\"10016\\\",\\\"version\\\":\\\"0\\\",\\\"level\\\":\\\"2\\\",\\\"task\\\":\\\"0\\\",\\\"opcode\\\":\\\"0\\\",\\\"keywords\\\":\\\"0x8080000000000000\\\",\\\"systemTime\\\":\\\"2026-07-16T06:20:01.802640800Z\\\",\\\"eventRecordID\\\":\\\"9192\\\",\\\"processID\\\":\\\"772\\\",\\\"threadID\\\":\\\"2748\\\",\\\"channel\\\":\\\"System\\\",\\\"computer\\\":\\\"meereen.essos.local\\\",\\\"severityValue\\\":\\\"ERROR\\\",\\\"message\\\":\\\"\\\\\\\"The application-specific permission settings do not grant Local Activation permission for the COM Server application with CLSID \\\\r\\\\n{D63B10C5-BB46-4990-A94F-E40B9D520160}\\\\r\\\\n and APPID \\\\r\\\\n{9CA88EE3-ACB7-47C8-AFC4-AB702511C276}\\\\r\\\\n to the user ESSOS\\\\\\\\vagrant SID (S-1-5-21-4206617935-2580949811-1114734249-1000) from address LocalHost (Using LRPC) running in the application container Unavailable SID (Unavailable). This security permission can be modified using the Component Services administrative tool.\\\\\\\"\\\"},\\\"eventdata\\\":{\\\"param1\\\":\\\"application-specific\\\",\\\"param2\\\":\\\"Local\\\",\\\"param3\\\":\\\"Activation\\\",\\\"param4\\\":\\\"{D63B10C5-BB46-4990-A94F-E40B9D520160}\\\",\\\"param5\\\":\\\"{9CA88EE3-ACB7-47C8-AFC4-AB702511C276}\\\",\\\"param6\\\":\\\"ESSOS\\\",\\\"param7\\\":\\\"vagrant\\\",\\\"param8\\\":\\\"S-1-5-21-4206617935-2580949811-1114734249-1000\\\",\\\"param9\\\":\\\"LocalHost (Using LRPC)\\\",\\\"param10\\\":\\\"Unavailable\\\",\\\"param11\\\":\\\"Unavailable\\\"}}}\\n{\\\"win\\\":{\\\"system\\\":{\\\"providerName\\\":\\\"Microsoft-Windows-DistributedCOM\\\",\\\"providerGuid\\\":\\\"{1B562E86-B7AA-4131-BADC-B6F3A001407E}\\\",\\\"eventSourceName\\\":\\\"DCOM\\\",\\\"eventID\\\":\\\"10016\\\",\\\"version\\\":\\\"0\\\",\\\"level\\\":\\\"2\\\",\\\"task\\\":\\\"0\\\",\\\"opcode\\\":\\\"0\\\",\\\"keywords\\\":\\\"0x8080000000000000\\\",\\\"systemTime\\\":\\\"2026-07-16T06:19:58.726820100Z\\\",\\\"eventRecordID\\\":\\\"9191\\\",\\\"processID\\\":\\\"772\\\",\\\"threadID\\\":\\\"3868\\\",\\\"channel\\\":\\\"System\\\",\\\"computer\\\":\\\"meereen.essos.local\\\",\\\"severityValue\\\":\\\"ERROR\\\",\\\"message\\\":\\\"\\\\\\\"The application-specific permission settings do not grant Local Activation permission for the COM Server application with CLSID \\\\r\\\\n{D63B10C5-BB46-4990-A94F-E40B9D520160}\\\\r\\\\n and APPID \\\\r\\\\n{9CA88EE3-ACB7-47C8-AFC4-AB702511C276}\\\\r\\\\n to the user ESSOS\\\\\\\\vagrant SID (S-1-5-21-4206617935-2580949811-1114734249-1000) from address LocalHost (Using LRPC) running in the application container Unavailable SID (Unavailable). This security permission can be modified using the Component Services administrative tool.\\\\\\\"\\\"},\\\"eventdata\\\":{\\\"param1\\\":\\\"application-specific\\\",\\\"param2\\\":\\\"Local\\\",\\\"param3\\\":\\\"Activation\\\",\\\"param4\\\":\\\"{D63B10C5-BB46-4990-A94F-E40B9D520160}\\\",\\\"param5\\\":\\\"{9CA88EE3-ACB7-47C8-AFC4-AB702511C276}\\\",\\\"param6\\\":\\\"ESSOS\\\",\\\"param7\\\":\\\"vagrant\\\",\\\"param8\\\":\\\"S-1-5-21-4206617935-2580949811-1114734249-1000\\\",\\\"param9\\\":\\\"LocalHost (Using LRPC)\\\",\\\"param10\\\":\\\"Unavailable\\\",\\\"param11\\\":\\\"Unavailable\\\"}}}\\n{\\\"win\\\":{\\\"system\\\":{\\\"providerName\\\":\\\"Microsoft-Windows-DistributedCOM\\\",\\\"providerGuid\\\":\\\"{1B562E86-B7AA-4131-BADC-B6F3A001407E}\\\",\\\"eventSourceName\\\":\\\"DCOM\\\",\\\"eventID\\\":\\\"10016\\\",\\\"version\\\":\\\"0\\\",\\\"level\\\":\\\"2\\\",\\\"task\\\":\\\"0\\\",\\\"opcode\\\":\\\"0\\\",\\\"keywords\\\":\\\"0x8080000000000000\\\",\\\"systemTime\\\":\\\"2026-07-16T06:19:55.584712500Z\\\",\\\"eventRecordID\\\":\\\"9190\\\",\\\"processID\\\":\\\"772\\\",\\\"threadID\\\":\\\"564\\\",\\\"channel\\\":\\\"System\\\",\\\"computer\\\":\\\"meereen.essos.local\\\",\\\"severityValue\\\":\\\"ERROR\\\",\\\"message\\\":\\\"\\\\\\\"The application-specific permission settings do not grant Local Activation permission for the COM Server application with CLSID \\\\r\\\\n{D63B10C5-BB46-4990-A94F-E40B9D520160}\\\\r\\\\n and APPID \\\\r\\\\n{9CA88EE3-ACB7-47C8-AFC4-AB702511C276}\\\\r\\\\n to the user ESSOS\\\\\\\\vagrant SID (S-1-5-21-4206617935-2580949811-1114734249-1000) from address LocalHost (Using LRPC) running in the application container Unavailable SID (Unavailable). This security permission can be modified using the Component Services administrative tool.\\\\\\\"\\\"},\\\"eventdata\\\":{\\\"param1\\\":\\\"application-specific\\\",\\\"param2\\\":\\\"Local\\\",\\\"param3\\\":\\\"Activation\\\",\\\"param4\\\":\\\"{D63B10C5-BB46-4990-A94F-E40B9D520160}\\\",\\\"param5\\\":\\\"{9CA88EE3-ACB7-47C8-AFC4-AB702511C276}\\\",\\\"param6\\\":\\\"ESSOS\\\",\\\"param7\\\":\\\"vagrant\\\",\\\"param8\\\":\\\"S-1-5-21-4206617935-2580949811-1114734249-1000\\\",\\\"param9\\\":\\\"LocalHost (Using LRPC)\\\",\\\"param10\\\":\\\"Unavailable\\\",\\\"param11\\\":\\\"Unavailable\\\"}}}\\n{\\\"win\\\":{\\\"system\\\":{\\\"providerName\\\":\\\"Microsoft-Windows-DistributedCOM\\\",\\\"providerGuid\\\":\\\"{1B562E86-B7AA-4131-BADC-B6F3A001407E}\\\",\\\"eventSourceName\\\":\\\"DCOM\\\",\\\"eventID\\\":\\\"10016\\\",\\\"version\\\":\\\"0\\\",\\\"level\\\":\\\"2\\\",\\\"task\\\":\\\"0\\\",\\\"opcode\\\":\\\"0\\\",\\\"keywords\\\":\\\"0x8080000000000000\\\",\\\"systemTime\\\":\\\"2026-07-16T06:19:52.548826900Z\\\",\\\"eventRecordID\\\":\\\"9189\\\",\\\"processID\\\":\\\"772\\\",\\\"threadID\\\":\\\"564\\\",\\\"channel\\\":\\\"System\\\",\\\"computer\\\":\\\"meereen.essos.local\\\",\\\"severityValue\\\":\\\"ERROR\\\",\\\"message\\\":\\\"\\\\\\\"The application-specific permission settings do not grant Local Activation permission for the COM Server application with CLSID \\\\r\\\\n{D63B10C5-BB46-4990-A94F-E40B9D520160}\\\\r\\\\n and APPID \\\\r\\\\n{9CA88EE3-ACB7-47C8-AFC4-AB702511C276}\\\\r\\\\n to the user ESSOS\\\\\\\\vagrant SID (S-1-5-21-4206617935-2580949811-1114734249-1000) from address LocalHost (Using LRPC) running in the application container Unavailable SID (Unavailable). This security permission can be modified using the Component Services administrative tool.\\\\\\\"\\\"},\\\"eventdata\\\":{\\\"param1\\\":\\\"application-specific\\\",\\\"param2\\\":\\\"Local\\\",\\\"param3\\\":\\\"Activation\\\",\\\"param4\\\":\\\"{D63B10C5-BB46-4990-A94F-E40B9D520160}\\\",\\\"param5\\\":\\\"{9CA88EE3-ACB7-47C8-AFC4-AB702511C276}\\\",\\\"param6\\\":\\\"ESSOS\\\",\\\"param7\\\":\\\"vagrant\\\",\\\"param8\\\":\\\"S-1-5-21-4206617935-2580949811-1114734249-1000\\\",\\\"param9\\\":\\\"LocalHost (Using LRPC)\\\",\\\"param10\\\":\\\"Unavailable\\\",\\\"param11\\\":\\\"Unavailable\\\"}}}\", \"log\": {\"offset\": 65112219, \"file\": {\"path\": \"/logs/wazuh/alerts.json\"}}, \"data\": {\"win\": {\"eventdata\": {\"param11\": \"Unavailable\", \"param1\": \"application-specific\", \"param8\": \"S-1-5-21-4206617935-2580949811-1114734249-1000\", \"param9\": \"LocalHost (Using LRPC)\", \"param2\": \"Local\", \"param4\": \"{D63B10C5-BB46-4990-A94F-E40B9D520160}\", \"param7\": \"vagrant\", \"param3\": \"Activation\", \"param10\": \"Unavailable\", \"param5\": \"{9CA88EE3-ACB7-47C8-AFC4-AB702511C276}\", \"param6\": \"ESSOS\"}, \"system\": {\"providerGuid\": \"{1B562E86-B7AA-4131-BADC-B6F3A001407E}\", \"keywords\": \"0x8080000000000000\", \"level\": \"2\", \"eventSourceName\": \"DCOM\", \"processID\": \"772\", \"eventID\": \"10016\", \"systemTime\": \"2026-07-16T06:20:14.525272000Z\", \"threadID\": \"3868\", \"version\": \"0\", \"severityValue\": \"ERROR\", \"channel\": \"System\", \"computer\": \"meereen.essos.local\", \"opcode\": \"0\", \"providerName\": \"Microsoft-Windows-DistributedCOM\", \"task\": \"0\", \"message\": \"\\\"The application-specific permission settings do not grant Local Activation permission for the COM Server application with CLSID \\r\\n{D63B10C5-BB46-4990-A94F-E40B9D520160}\\r\\n and APPID \\r\\n{9CA88EE3-ACB7-47C8-AFC4-AB702511C276}\\r\\n to the user ESSOS\\\\vagrant SID (S-1-5-21-4206617935-2580949811-1114734249-1000) from address LocalHost (Using LRPC) running in the application container Unavailable SID (Unavailable). This security permission can be modified using the Component Services administrative tool.\\\"\", \"eventRecordID\": \"9196\"}}}, \"log_source\": \"wazuh\", \"decoder\": {\"name\": \"windows_eventchannel\"}, \"timestamp\": \"2026-07-16T06:20:15.954+0000\", \"agent\": {\"ip\": \"x.x.x.12\", \"hostname\": \"f8e24743dcc1\", \"ephemeral_id\": \"d5d271ec-e831-42dd-9d03-45d8ccd7a05b\", \"type\": \"filebeat\", \"version\": \"7.17.22\", \"id\": \"002\", \"name\": \"meereen\"}, \"log_type\": \"hids_alert\", \"rule\": {\"firedtimes\": 3, \"mail\": false, \"groups\": [\"windows\", \"windows_system\"], \"level\": 10, \"description\": \"Multiple System error events\", \"id\": \"61110\", \"frequency\": 8}, \"manager\": {\"name\": \"e5bb7343f06d\"}, \"id\": \"1784182815.117313379\", \"location\": \"EventChannel\", \"input\": {\"type\": \"log\"}, \"host\": {\"name\": \"f8e24743dcc1\"}}",
  "arrival_ms": 1784182817032,
  "source": "wazuh",
  "rule_id": "61110",
  "stream": "soc-hids-alert-*",
  "alert_uid": "05313449906b1f6710b349c71b6e624ba8117961f8f3de164e7f701aca1d2f8d",
  "rule_description": "Multiple System error events",
  "sensor": "wazuh-hids",
  "raw_ref": "soc-hids-alert-2026.07.16:ciWVaZ8B3gPM8FAeRMX3",
  "time": "2026-07-16T06:20:15.954+0000"
}

### ② 触发上下文(seed:触发事件 / 主语 / 宾语 / 次要实体)
{
  "event": {
    "ingest_time": 1784182826911,
    "event_code": "10016",
    "sensor": "System",
    "raw_ref": "soc-hids-alert-2026.07.16:ciWVaZ8B3gPM8FAeRMX3",
    "source": "winlogbeat",
    "event_time": "2026-07-16T06:20:14.525272000Z",
    "event_uid": "3115fc4538ed8b60ceb4a3e805377de947a7358ac463403ff422f74a55faa7b6"
  },
  "subject": null,
  "related": [
    {
      "node": {
        "_labels": [
          "Host"
        ],
        "hostname": "meereen.essos.local",
        "role": "domain_controller",
        "first_seen": "2026-07-02T02:32:06.422Z",
        "has_adcs": true,
        "last_seen": "2026-07-22T04:23:28.717Z",
        "domain": "essos.local",
        "criticality": "critical",
        "is_dc": true
      },
      "rel": "ON_HOST"
    }
  ]
}

### ③ 喂给大模型的原文  [skill] generic_host  [模式] recipe
(实际 user prompt —— 取证证据 + 原始告警原文;下面就是模型看到的全部)
待研判告警 + 已备齐证据:
{
  "alert": {
    "alert_uid": "05313449906b1f6710b349c71b6e624ba8117961f8f3de164e7f701aca1d2f8d",
    "rule_id": "61110",
    "technique_ids": [],
    "time": "2026-07-16T06:20:15.954+0000"
  },
  "证据": {
    "触发事件与主语/主机": {
      "event": {
        "ingest_time": 1784182826911,
        "event_code": "10016",
        "sensor": "System",
        "raw_ref": "soc-hids-alert-2026.07.16:ciWVaZ8B3gPM8FAeRMX3",
        "source": "winlogbeat",
        "event_time": "2026-07-16T06:20:14.525272000Z",
        "event_uid": "3115fc4538ed8b60ceb4a3e805377de947a7358ac463403ff422f74a55faa7b6"
      },
      "subject": {
        "labels": null,
        "props": null
      },
      "host": "meereen.essos.local"
    },
    "宾语与次要参与者": [
      {
        "related": []
      }
    ]
  },
  "原始告警(原文)": "{\"@timestamp\": \"2026-07-16T06:20:17.032Z\", \"ecs\": {\"version\": \"1.12.0\"}, \"previous_output\": \"{\\\"win\\\":{\\\"system\\\":{\\\"providerName\\\":\\\"Microsoft-Windows-DistributedCOM\\\",\\\"providerGuid\\\":\\\"{1B562E86-B7AA-4131-BADC-B6F3A001407E}\\\",\\\"eventSourceName\\\":\\\"DCOM\\\",\\\"eventID\\\":\\\"10016\\\",\\\"version\\\":\\\"0\\\",\\\"level\\\":\\\"2\\\",\\\"task\\\":\\\"0\\\",\\\"opcode\\\":\\\"0\\\",\\\"keywords\\\":\\\"0x8080000000000000\\\",\\\"systemTime\\\":\\\"2026-07-16T06:20:11.368474700Z\\\",\\\"eventRecordID\\\":\\\"9195\\\",\\\"processID\\\":\\\"772\\\",\\\"threadID\\\":\\\"3536\\\",\\\"channel\\\":\\\"System\\\",\\\"computer\\\":\\\"meereen.essos.local\\\",\\\"severityValue\\\":\\\"ERROR\\\",\\\"message\\\":\\\"\\\\\\\"The application-specific permission settings do not grant Local Activation permission for the COM Server application with CLSID \\\\r\\\\n{D63B10C5-BB46-4990-A94F-E40B9D520160}\\\\r\\\\n and APPID \\\\r\\\\n{9CA88EE3-ACB7-47C8-AFC4-AB702511C276}\\\\r\\\\n to the user ESSOS\\\\\\\\vagrant SID (S-1-5-21-4206617935-2580949811-1114734249-1000) from address LocalHost (Using LRPC) running in the application container Unavailable SID (Unavailable). This security permission can be modified using the Component Services administrative tool.\\\\\\\"\\\"},\\\"eventdata\\\":{\\\"param1\\\":\\\"application-specific\\\",\\\"param2\\\":\\\"Local\\\",\\\"param3\\\":\\\"Activation\\\",\\\"param4\\\":\\\"{D63B10C5-BB46-4990-A94F-E40B9D520160}\\\",\\\"param5\\\":\\\"{9CA88EE3-ACB7-47C8-AFC4-AB702511C276}\\\",\\\"param6\\\":\\\"ESSOS\\\",\\\"param7\\\":\\\"vagrant\\\",\\\"param8\\\":\\\"S-1-5-21-4206617935-2580949811-1114734249-1000\\\",\\\"param9\\\":\\\"LocalHost (Using LRPC)\\\",\\\"param10\\\":\\\"Unavailable\\\",\\\"param11\\\":\\\"Unavailable\\\"}}}\\n{\\\"win\\\":{\\\"system\\\":{\\\"providerName\\\":\\\"Microsoft-Windows-DistributedCOM\\\",\\\"providerGuid\\\":\\\"{1B562E86-B7AA-4131-BADC-B6F3A001407E}\\\",\\\"eventSourceName\\\":\\\"DCOM\\\",\\\"eventID\\\":\\\"10016\\\",\\\"version\\\":\\\"0\\\",\\\"level\\\":\\\"2\\\",\\\"task\\\":\\\"0\\\",\\\"opcode\\\":\\\"0\\\",\\\"keywords\\\":\\\"0x8080000000000000\\\",\\\"systemTime\\\":\\\"2026-07-16T06:20:08.323423400Z\\\",\\\"eventRecordID\\\":\\\"9194\\\",\\\"processID\\\":\\\"772\\\",\\\"threadID\\\":\\\"3536\\\",\\\"channel\\\":\\\"System\\\",\\\"computer\\\":\\\"meereen.essos.local\\\",\\\"severityValue\\\":\\\"ERROR\\\",\\\"message\\\":\\\"\\\\\\\"The application-specific permission settings do not grant Local Activation permission for the COM Server application with CLSID \\\\r\\\\n{D63B10C5-BB46-4990-A94F-E40B9D520160}\\\\r\\\\n and APPID \\\\r\\\\n{9CA88EE3-ACB7-47C8-AFC4-AB702511C276}\\\\r\\\\n to the user ESSOS\\\\\\\\vagrant SID (S-1-5-21-4206617935-2580949811-1114734249-1000) from address LocalHost (Using LRPC) running in the application container Unavailable SID (Unavailable). This security permission can be modified using the Component Services administrative tool.\\\\\\\"\\\"},\\\"eventdata\\\":{\\\"param1\\\":\\\"application-specific\\\",\\\"param2\\\":\\\"Local\\\",\\\"param3\\\":\\\"Activation\\\",\\\"param4\\\":\\\"{D63B10C5-BB46-4990-A94F-E40B9D520160}\\\",\\\"param5\\\":\\\"{9CA88EE3-ACB7-47C8-AFC4-AB702511C276}\\\",\\\"param6\\\":\\\"ESSOS\\\",\\\"param7\\\":\\\"vagrant\\\",\\\"param8\\\":\\\"S-1-5-21-4206617935-2580949811-1114734249-1000\\\",\\\"param9\\\":\\\"LocalHost (Using LRPC)\\\",\\\"param10\\\":\\\"Unavailable\\\",\\\"param11\\\":\\\"Unavailable\\\"}}}\\n{\\\"win\\\":{\\\"system\\\":{\\\"providerName\\\":\\\"Microsoft-Windows-DistributedCOM\\\",\\\"providerGuid\\\":\\\"{1B562E86-B7AA-4131-BADC-B6F3A001407E}\\\",\\\"eventSourceName\\\":\\\"DCOM\\\",\\\"eventID\\\":\\\"10016\\\",\\\"version\\\":\\\"0\\\",\\\"level\\\":\\\"2\\\",\\\"task\\\":\\\"0\\\",\\\"opcode\\\":\\\"0\\\",\\\"keywords\\\":\\\"0x8080000000000000\\\",\\\"systemTime\\\":\\\"2026-07-16T06:20:05.009492700Z\\\",\\\"eventRecordID\\\":\\\"9193\\\",\\\"processID\\\":\\\"772\\\",\\\"threadID\\\":\\\"3868\\\",\\\"channel\\\":\\\"System\\\",\\\"computer\\\":\\\"meereen.essos.local\\\",\\\"severityValue\\\":\\\"ERROR\\\",\\\"message\\\":\\\"\\\\\\\"The application-specific permission settings do not grant Local Activation permission for the COM Server application with CLSID \\\\r\\\\n{D63B10C5-BB46-4990-A94F-E40B9D520160}\\\\r\\\\n and APPID \\\\r\\\\n{9CA88EE3-ACB7-47C8-AFC4-AB702511C276}\\\\r\\\\n to the user ESSOS\\\\\\\\vagrant SID (S-1-5-21-4206617935-2580949811-1114734249-1000) from address LocalHost (Using LRPC) running in the application container Unavailable SID (Unavailable). This security permission can be modified using the Component Services administrative tool.\\\\\\\"\\\"},\\\"eventdata\\\":{\\\"param1\\\":\\\"application-specific\\\",\\\"param2\\\":\\\"Local\\\",\\\"param3\\\":\\\"Activation\\\",\\\"param4\\\":\\\"{D63B10C5-BB46-4990-A94F-E40B9D520160}\\\",\\\"param5\\\":\\\"{9CA88EE3-ACB7-47C8-AFC4-AB702511C276}\\\",\\\"param6\\\":\\\"ESSOS\\\",\\\"param7\\\":\\\"vagrant\\\",\\\"param8\\\":\\\"S-1-5-21-4206617935-2580949811-1114734249-1000\\\",\\\"param9\\\":\\\"LocalHost (Using LRPC)\\\",\\\"param10\\\":\\\"Unavailable\\\",\\\"param11\\\":\\\"Unavailable\\\"}}}\\n{\\\"win\\\":{\\\"system\\\":{\\\"providerName\\\":\\\"Microsoft-Windows-DistributedCOM\\\",\\\"providerGuid\\\":\\\"{1B562E86-B7AA-4131-BADC-B6F3A001407E}\\\",\\\"eventSourceName\\\":\\\"DCOM\\\",\\\"eventID\\\":\\\"10016\\\",\\\"version\\\":\\\"0\\\",\\\"level\\\":\\\"2\\\",\\\"task\\\":\\\"0\\\",\\\"opcode\\\":\\\"0\\\",\\\"keywords\\\":\\\"0x8080000000000000\\\",\\\"systemTime\\\":\\\"2026-07-16T06:20:01.802640800Z\\\",\\\"eventRecordID\\\":\\\"9192\\\",\\\"processID\\\":\\\"772\\\",\\\"threadID\\\":\\\"2748\\\",\\\"channel\\\":\\\"System\\\",\\\"computer\\\":\\\"meereen.essos.local\\\",\\\"severityValue\\\":\\\"ERROR\\\",\\\"message\\\":\\\"\\\\\\\"The application-specific permission settings do not grant Local Activation permission for the COM Server application with CLSID \\\\r\\\\n{D63B10C5-BB46-4990-A94F-E40B9D520160}\\\\r\\\\n and APPID \\\\r\\\\n{9CA88EE3-ACB7-47C8-AFC4-AB702511C276}\\\\r\\\\n to the user ESSOS\\\\\\\\vagrant SID (S-1-5-21-4206617935-2580949811-1114734249-1000) from address LocalHost (Using LRPC) running in the application container Unavailable SID (Unavailable). This security permission can be modified using the Component Services administrative tool.\\\\\\\"\\\"},\\\"eventdata\\\":{\\\"param1\\\":\\\"application-specific\\\",\\\"param2\\\":\\\"Local\\\",\\\"param3\\\":\\\"Activation\\\",\\\"param4\\\":\\\"{D63B10C5-BB46-4990-A94F-E40B9D520160}\\\",\\\"param5\\\":\\\"{9CA88EE3-ACB7-47C8-AFC4-AB702511C276}\\\",\\\"param6\\\":\\\"ESSOS\\\",\\\"param7\\\":\\\"vagrant\\\",\\\"param8\\\":\\\"S-1-5-21-4206617935-2580949811-1114734249-1000\\\",\\\"param9\\\":\\\"LocalHost (Using LRPC)\\\",\\\"param10\\\":\\\"Unavailable\\\",\\\"param11\\\":\\\"Unavailable\\\"}}}\\n{\\\"win\\\":{\\\"system\\\":{\\\"providerName\\\":\\\"Microsoft-Windows-DistributedCOM\\\",\\\"providerGuid\\\":\\\"{1B562E86-B7AA-4131-BADC-B6F3A001407E}\\\",\\\"eventSourceName\\\":\\\"DCOM\\\",\\\"eventID\\\":\\\"10016\\\",\\\"version\\\":\\\"0\\\",\\\"level\\\":\\\"2\\\",\\\"task\\\":\\\"0\\\",\\\"opcode\\\":\\\"0\\\",\\\"keywords\\\":\\\"0x8080000000000000\\\",\\\"systemTime\\\":\\\"2026-07-16T06:19:58.726820100Z\\\",\\\"eventRecordID\\\":\\\"9191\\\",\\\"processID\\\":\\\"772\\\",\\\"threadID\\\":\\\"3868\\\",\\\"channel\\\":\\\"System\\\",\\\"computer\\\":\\\"meereen.essos.local\\\",\\\"severityValue\\\":\\\"ERROR\\\",\\\"message\\\":\\\"\\\\\\\"The application-specific permission settings do not grant Local Activation permission for the COM Server application with CLSID \\\\r\\\\n{D63B10C5-BB46-4990-A94F-E40B9D520160}\\\\r\\\\n and APPID \\\\r\\\\n{9CA88EE3-ACB7-47C8-AFC4-AB702511C276}\\\\r\\\\n to the user ESSOS\\\\\\\\vagrant SID (S-1-5-21-4206617935-2580949811-1114734249-1000) from address LocalHost (Using LRPC) running in the application container Unavailable SID (Unavailable). This security permission can be modified using the Component Services administrative tool.\\\\\\\"\\\"},\\\"eventdata\\\":{\\\"param1\\\":\\\"application-specific\\\",\\\"param2\\\":\\\"Local\\\",\\\"param3\\\":\\\"Activation\\\",\\\"param4\\\":\\\"{D63B10C5-BB46-4990-A94F-E40B9D520160}\\\",\\\"param5\\\":\\\"{9CA88EE3-ACB7-47C8-AFC4-AB702511C276}\\\",\\\"param6\\\":\\\"ESSOS\\\",\\\"param7\\\":\\\"vagrant\\\",\\\"param8\\\":\\\"S-1-5-21-4206617935-2580949811-1114734249-1000\\\",\\\"param9\\\":\\\"LocalHost (Using LRPC)\\\",\\\"param10\\\":\\\"Unavailable\\\",\\\"param11\\\":\\\"Unavailable\\\"}}}\\n{\\\"win\\\":{\\\"system\\\":{\\\"providerName\\\":\\\"Microsoft-Windows-DistributedCOM\\\",\\\"providerGuid\\\":\\\"{1B562E86-B7AA-4131-BADC-B6F3A001407E}\\\",\\\"eventSourceName\\\":\\\"DCOM\\\",\\\"eventID\\\":\\\"10016\\\",\\\"version\\\":\\\"0\\\",\\\"level\\\":\\\"2\\\",\\\"task\\\":\\\"0\\\",\\\"opcode\\\":\\\"0\\\",\\\"keywords\\\":\\\"0x8080000000000000\\\",\\\"systemTime\\\":\\\"2026-07-16T06:19:55.584712500Z\\\",\\\"eventRecordID\\\":\\\"9190\\\",\\\"processID\\\":\\\"772\\\",\\\"threadID\\\":\\\"564\\\",\\\"channel\\\":\\\"System\\\",\\\"computer\\\":\\\"meereen.essos.local\\\",\\\"severityValue\\\":\\\"ERROR\\\",\\\"message\\\":\\\"\\\\\\\"The application-specific permission settings do not grant Local Activation permission for the COM Server application with CLSID \\\\r\\\\n{D63B10C5-BB46-4990-A94F-E40B9D520160}\\\\r\\\\n and APPID \\\\r\\\\n{9CA88EE3-ACB7-47C8-AFC4-AB702511C276}\\\\r\\\\n to the user ESSOS\\\\\\\\vagrant SID (S-1-5-21-4206617935-2580949811-1114734249-1000) from address LocalHost (Using LRPC) running in the application container Unavailable SID (Unavailable). This security permission can be modified using the Component Services administrative tool.\\\\\\\"\\\"},\\\"eventdata\\\":{\\\"param1\\\":\\\"application-specific\\\",\\\"param2\\\":\\\"Local\\\",\\\"param3\\\":\\\"Activation\\\",\\\"param4\\\":\\\"{D63B10C5-BB46-4990-A94F-E40B9D520160}\\\",\\\"param5\\\":\\\"{9CA88EE3-ACB7-47C8-AFC4-AB702511C276}\\\",\\\"param6\\\":\\\"ESSOS\\\",\\\"param7\\\":\\\"vagrant\\\",\\\"param8\\\":\\\"S-1-5-21-4206617935-2580949811-1114734249-1000\\\",\\\"param9\\\":\\\"LocalHost (Using LRPC)\\\",\\\"param10\\\":\\\"Unavailable\\\",\\\"param11\\\":\\\"Unavailable\\\"}}}\\n{\\\"win\\\":{\\\"system\\\":{\\\"providerName\\\":\\\"Microsoft-Windows-DistributedCOM\\\",\\\"providerGuid\\\":\\\"{1B562E86-B7AA-4131-BADC-B6F3A001407E}\\\",\\\"eventSourceName\\\":\\\"DCOM\\\",\\\"eventID\\\":\\\"10016\\\",\\\"version\\\":\\\"0\\\",\\\"level\\\":\\\"2\\\",\\\"task\\\":\\\"0\\\",\\\"opcode\\\":\\\"0\\\",\\\"keywords\\\":\\\"0x8080000000000000\\\",\\\"systemTime\\\":\\\"2026-07-16T06:19:52.548826900Z\\\",\\\"eventRecordID\\\":\\\"9189\\\",\\\"processID\\\":\\\"772\\\",\\\"threadID\\\":\\\"564\\\",\\\"channel\\\":\\\"System\\\",\\\"computer\\\":\\\"meereen.essos.local\\\",\\\"severityValue\\\":\\\"ERROR\\\",\\\"message\\\":\\\"\\\\\\\"The application-specific permission settings do not grant Local Activation permission for the COM Server application with CLSID \\\\r\\\\n{D63B10C5-BB46-4990-A94F-E40B9D520160}\\\\r\\\\n and APPID \\\\r\\\\n{9CA88EE3-ACB7-47C8-AFC4-AB702511C276}\\\\r\\\\n to the user ESSOS\\\\\\\\vagrant SID (S-1-5-21-4206617935-2580949811-1114734249-1000) from address LocalHost (Using LRPC) running in the application container Unavailable SID (Unavailable). This security permission can be modified using the Component Services administrative tool.\\\\\\\"\\\"},\\\"eventdata\\\":{\\\"param1\\\":\\\"application-specific\\\",\\\"param2\\\":\\\"Local\\\",\\\"param3\\\":\\\"Activation\\\",\\\"param4\\\":\\\"{D63B10C5-BB46-4990-A94F-E40B9D520160}\\\",\\\"param5\\\":\\\"{9CA88EE3-ACB7-47C8-AFC4-AB702511C276}\\\",\\\"param6\\\":\\\"ESSOS\\\",\\\"param7\\\":\\\"vagrant\\\",\\\"param8\\\":\\\"S-1-5-21-4206617935-2580949811-1114734249-1000\\\",\\\"param9\\\":\\\"LocalHost (Using LRPC)\\\",\\\"param10\\\":\\\"Unavailable\\\",\\\"param11\\\":\\\"Unavailable\\\"}}}\", \"log\": {\"offset\": 65112219, \"file\": {\"path\": \"/logs/wazuh/alerts.json\"}}, \"data\": {\"win\": {\"eventdata\": {\"param11\": \"Unavailable\", \"param1\": \"application-specific\", \"param8\": \"S-1-5-21-4206617935-2580949811-1114734249-1000\", \"param9\": \"LocalHost (Using LRPC)\", \"param2\": \"Local\", \"param4\": \"{D63B10C5-BB46-4990-A94F-E40B9D520160}\", \"param7\": \"vagrant\", \"param3\": \"Activation\", \"param10\": \"Unavailable\", \"param5\": \"{9CA88EE3-ACB7-47C8-AFC4-AB702511C276}\", \"param6\": \"ESSOS\"}, \"system\": {\"providerGuid\": \"{1B562E86-B7AA-4131-BADC-B6F3A001407E}\", \"keywords\": \"0x8080000000000000\", \"level\": \"2\", \"eventSourceName\": \"DCOM\", \"processID\": \"772\", \"eventID\": \"10016\", \"systemTime\": \"2026-07-16T06:20:14.525272000Z\", \"threadID\": \"3868\", \"version\": \"0\", \"severityValue\": \"ERROR\", \"channel\": \"System\", \"computer\": \"meereen.essos.local\", \"opcode\": \"0\", \"providerName\": \"Microsoft-Windows-DistributedCOM\", \"task\": \"0\", \"message\": \"\\\"The application-specific permission settings do not grant Local Activation permission for the COM Server application with CLSID \\r\\n{D63B10C5-BB46-4990-A94F-E40B9D520160}\\r\\n and APPID \\r\\n{9CA88EE3-ACB7-47C8-AFC4-AB702511C276}\\r\\n to the user ESSOS\\\\vagrant SID (S-1-5-21-4206617935-2580949811-1114734249-1000) from address LocalHost (Using LRPC) running in the application container Unavailable SID (Unavailable). This security permission can be modified using the Component Services administrative tool.\\\"\", \"eventRecordID\": \"9196\"}}}, \"log_source\": \"wazuh\", \"decoder\": {\"name\": \"windows_eventchannel\"}, \"timestamp\": \"2026-07-16T06:20:15.954+0000\", \"agent\": {\"ip\": \"x.x.x.12\", \"hostname\": \"f8e24743dcc1\", \"ephemeral_id\": \"d5d271ec-e831-42dd-9d03-45d8ccd7a05b\", \"type\": \"filebeat\", \"version\": \"7.17.22\", \"id\": \"002\", \"name\": \"meereen\"}, \"log_type\": \"hids_alert\", \"rule\": {\"firedtimes\": 3, \"mail\": false, \"groups\": [\"windows\", \"windows_system\"], \"level\": 10, \"description\": \"Multiple System error events\", \"id\": \"61110\", \"frequency\": 8}, \"manager\": {\"name\": \"e5bb7343f06d\"}, \"id\": \"1784182815.117313379\", \"location\": \"EventChannel\", \"input\": {\"type\": \"log\"}, \"host\": {\"name\": \"f8e24743dcc1\"}}"
}

### ④ 研判(留痕 + 结果)
# 研判留痕(3 步)
[1] recipe取证「触发事件与主语/主机」→ 1 行
[2] recipe取证「宾语与次要参与者」→ 1 行
[3] ▶ 喂大模型的 user prompt(15281 字符;全文见 §③)

# 研判结果  alert=05313449906b1f6710b349c71b6e624ba8117961f8f3de164e7f701aca1d2f8d  path=B  skill=generic_host
verdict   : benign  (confidence=0.95)
summary   : DCOM 本地激活权限拒绝告警，由本地用户 vagrant 触发，属于配置/权限问题，非攻击行为。
rationale : 1. **事件性质**: 事件 ID 10016 (DCOM) 明确指示“本地激活权限不足”，发生在 `LocalHost (Using LRPC)`，即本地进程间调用，非网络攻击。2. **主体分析**: 请求者为 `ESSOS\vagrant` (普通用户)，非特权账号或域控。3. **上下文**: 无异常进程链、无外连、无凭据窃取迹象。此类告警通常因 COM 组件注册表权限配置不当或用户组成员资格缺失导致，属运维问题。
evidence  : ['event_uid: 3115fc4538ed8b60ceb4a3e805377de947a7358ac463403ff422f74a55faa7b6', 'host: meereen.essos.local', 'account: ESSOS\\vagrant', 'event_code: 10016']
agent     : qwen3.5-9b
处置(建议): 无

============================================================================
## [10/10] technique=T1098   该类共 22 条   uid=2abe65b1d54dbc8522fc450a08c1aca87fd880bfbe1b94022676bb9afe6dfa12
============================================================================
### ① 原始告警节点(:Alert)
{
  "severity": 8,
  "first_seen": "2026-07-16T06:20:16.553278400Z",
  "last_seen": "2026-07-16T06:20:16.553278400Z",
  "raw": "{\"@timestamp\": \"2026-07-16T06:20:17.035Z\", \"location\": \"EventChannel\", \"id\": \"1784182816.117378240\", \"rule\": {\"description\": \"User account disabled or deleted\", \"id\": \"60111\", \"pci_dss\": [\"8.1.2\", \"10.2.5\"], \"level\": 8, \"groups\": [\"windows\", \"windows_security\", \"adduser\", \"account_changed\"], \"gdpr\": [\"IV_35.7.d\", \"IV_32.2\"], \"firedtimes\": 4, \"mail\": false, \"hipaa\": [\"164.312.a.2.I\", \"164.312.a.2.II\", \"164.312.b\"], \"gpg13\": [\"7.10\"], \"tsc\": [\"CC6.8\", \"CC7.2\", \"CC7.3\"], \"mitre\": {\"tactic\": [\"Persistence\", \"Impact\"], \"technique\": [\"Account Manipulation\", \"Account Access Removal\"], \"id\": [\"T1098\", \"T1531\"]}, \"nist_800_53\": [\"AC.2\", \"IA.4\", \"AU.14\", \"AC.7\"]}, \"manager\": {\"name\": \"e5bb7343f06d\"}, \"input\": {\"type\": \"log\"}, \"log_source\": \"wazuh\", \"ecs\": {\"version\": \"1.12.0\"}, \"data\": {\"win\": {\"system\": {\"severityValue\": \"AUDIT_SUCCESS\", \"channel\": \"Security\", \"computer\": \"meereen.essos.local\", \"providerName\": \"Microsoft-Windows-Security-Auditing\", \"threadID\": \"3704\", \"processID\": \"548\", \"keywords\": \"0x8020000000000000\", \"systemTime\": \"2026-07-16T06:20:16.553278400Z\", \"level\": \"0\", \"task\": \"13824\", \"opcode\": \"0\", \"eventRecordID\": \"302721\", \"message\": \"\\\"A user account was deleted.\\r\\n\\r\\nSubject:\\r\\n\\tSecurity ID:\\t\\tS-1-5-21-4206617935-2580949811-1114734249-1000\\r\\n\\tAccount Name:\\t\\tvagrant\\r\\n\\tAccount Domain:\\t\\tESSOS\\r\\n\\tLogon ID:\\t\\t0x137DA7D3\\r\\n\\r\\nTarget Account:\\r\\n\\tSecurity ID:\\t\\tS-1-5-21-4206617935-2580949811-1114734249-1122\\r\\n\\tAccount Name:\\t\\tsoc-test-roaster\\r\\n\\tAccount Domain:\\t\\tESSOS\\r\\n\\r\\nAdditional Information:\\r\\n\\tPrivileges\\t-\\\"\", \"version\": \"0\", \"eventID\": \"4726\", \"providerGuid\": \"{54849625-5478-4994-A5BA-3E3B0328C30D}\"}, \"eventdata\": {\"targetDomainName\": \"ESSOS\", \"targetSid\": \"S-1-5-21-4206617935-2580949811-1114734249-1122\", \"subjectUserSid\": \"S-1-5-21-4206617935-2580949811-1114734249-1000\", \"subjectUserName\": \"vagrant\", \"subjectDomainName\": \"ESSOS\", \"subjectLogonId\": \"0x137da7d3\", \"targetUserName\": \"soc-test-roaster\"}}}, \"agent\": {\"version\": \"7.17.22\", \"hostname\": \"f8e24743dcc1\", \"ephemeral_id\": \"d5d271ec-e831-42dd-9d03-45d8ccd7a05b\", \"id\": \"002\", \"name\": \"meereen\", \"ip\": \"x.x.x.12\", \"type\": \"filebeat\"}, \"log_type\": \"hids_alert\", \"log\": {\"offset\": 65153722, \"file\": {\"path\": \"/logs/wazuh/alerts.json\"}}, \"timestamp\": \"2026-07-16T06:20:16.751+0000\", \"decoder\": {\"name\": \"windows_eventchannel\"}, \"host\": {\"name\": \"f8e24743dcc1\"}}",
  "arrival_ms": 1784182817035,
  "technique_ids": [
    "T1098",
    "T1531"
  ],
  "source": "wazuh",
  "rule_id": "60111",
  "stream": "soc-hids-alert-*",
  "alert_uid": "2abe65b1d54dbc8522fc450a08c1aca87fd880bfbe1b94022676bb9afe6dfa12",
  "rule_description": "User account disabled or deleted",
  "sensor": "wazuh-hids",
  "raw_ref": "soc-hids-alert-2026.07.16:fCWVaZ8B3gPM8FAeRMX3",
  "time": "2026-07-16T06:20:16.751+0000"
}

### ② 触发上下文(seed:触发事件 / 主语 / 宾语 / 次要实体)
{
  "event": {
    "ingest_time": 1784182827006,
    "event_code": "4726",
    "sensor": "Security",
    "raw_ref": "soc-hids-alert-2026.07.16:fCWVaZ8B3gPM8FAeRMX3",
    "source": "winlogbeat",
    "event_time": "2026-07-16T06:20:16.553278400Z",
    "event_uid": "3a3a5d96429952942c045cdf2e168a29426c36eb1db58e8a7ee73b765d56048f"
  },
  "subject": null,
  "related": [
    {
      "node": {
        "_labels": [
          "Host"
        ],
        "hostname": "meereen.essos.local",
        "role": "domain_controller",
        "first_seen": "2026-07-02T02:32:06.422Z",
        "has_adcs": true,
        "last_seen": "2026-07-22T04:23:28.717Z",
        "domain": "essos.local",
        "criticality": "critical",
        "is_dc": true
      },
      "rel": "ON_HOST"
    }
  ]
}

### ③ 喂给大模型的原文  [skill] generic_identity  [模式] recipe
(实际 user prompt —— 取证证据 + 原始告警原文;下面就是模型看到的全部)
待研判告警 + 已备齐证据:
{
  "alert": {
    "alert_uid": "2abe65b1d54dbc8522fc450a08c1aca87fd880bfbe1b94022676bb9afe6dfa12",
    "rule_id": "60111",
    "technique_ids": [
      "T1098",
      "T1531"
    ],
    "time": "2026-07-16T06:20:16.751+0000"
  },
  "证据": {
    "触发事件与主语/主机": {
      "event": {
        "ingest_time": 1784182827006,
        "event_code": "4726",
        "sensor": "Security",
        "raw_ref": "soc-hids-alert-2026.07.16:fCWVaZ8B3gPM8FAeRMX3",
        "source": "winlogbeat",
        "event_time": "2026-07-16T06:20:16.553278400Z",
        "event_uid": "3a3a5d96429952942c045cdf2e168a29426c36eb1db58e8a7ee73b765d56048f"
      },
      "subject": {
        "labels": null,
        "props": null
      },
      "host": "meereen.essos.local"
    },
    "宾语与次要参与者": [
      {
        "related": []
      }
    ]
  },
  "原始告警(原文)": "{\"@timestamp\": \"2026-07-16T06:20:17.035Z\", \"location\": \"EventChannel\", \"id\": \"1784182816.117378240\", \"rule\": {\"description\": \"User account disabled or deleted\", \"id\": \"60111\", \"pci_dss\": [\"8.1.2\", \"10.2.5\"], \"level\": 8, \"groups\": [\"windows\", \"windows_security\", \"adduser\", \"account_changed\"], \"gdpr\": [\"IV_35.7.d\", \"IV_32.2\"], \"firedtimes\": 4, \"mail\": false, \"hipaa\": [\"164.312.a.2.I\", \"164.312.a.2.II\", \"164.312.b\"], \"gpg13\": [\"7.10\"], \"tsc\": [\"CC6.8\", \"CC7.2\", \"CC7.3\"], \"mitre\": {\"tactic\": [\"Persistence\", \"Impact\"], \"technique\": [\"Account Manipulation\", \"Account Access Removal\"], \"id\": [\"T1098\", \"T1531\"]}, \"nist_800_53\": [\"AC.2\", \"IA.4\", \"AU.14\", \"AC.7\"]}, \"manager\": {\"name\": \"e5bb7343f06d\"}, \"input\": {\"type\": \"log\"}, \"log_source\": \"wazuh\", \"ecs\": {\"version\": \"1.12.0\"}, \"data\": {\"win\": {\"system\": {\"severityValue\": \"AUDIT_SUCCESS\", \"channel\": \"Security\", \"computer\": \"meereen.essos.local\", \"providerName\": \"Microsoft-Windows-Security-Auditing\", \"threadID\": \"3704\", \"processID\": \"548\", \"keywords\": \"0x8020000000000000\", \"systemTime\": \"2026-07-16T06:20:16.553278400Z\", \"level\": \"0\", \"task\": \"13824\", \"opcode\": \"0\", \"eventRecordID\": \"302721\", \"message\": \"\\\"A user account was deleted.\\r\\n\\r\\nSubject:\\r\\n\\tSecurity ID:\\t\\tS-1-5-21-4206617935-2580949811-1114734249-1000\\r\\n\\tAccount Name:\\t\\tvagrant\\r\\n\\tAccount Domain:\\t\\tESSOS\\r\\n\\tLogon ID:\\t\\t0x137DA7D3\\r\\n\\r\\nTarget Account:\\r\\n\\tSecurity ID:\\t\\tS-1-5-21-4206617935-2580949811-1114734249-1122\\r\\n\\tAccount Name:\\t\\tsoc-test-roaster\\r\\n\\tAccount Domain:\\t\\tESSOS\\r\\n\\r\\nAdditional Information:\\r\\n\\tPrivileges\\t-\\\"\", \"version\": \"0\", \"eventID\": \"4726\", \"providerGuid\": \"{54849625-5478-4994-A5BA-3E3B0328C30D}\"}, \"eventdata\": {\"targetDomainName\": \"ESSOS\", \"targetSid\": \"S-1-5-21-4206617935-2580949811-1114734249-1122\", \"subjectUserSid\": \"S-1-5-21-4206617935-2580949811-1114734249-1000\", \"subjectUserName\": \"vagrant\", \"subjectDomainName\": \"ESSOS\", \"subjectLogonId\": \"0x137da7d3\", \"targetUserName\": \"soc-test-roaster\"}}}, \"agent\": {\"version\": \"7.17.22\", \"hostname\": \"f8e24743dcc1\", \"ephemeral_id\": \"d5d271ec-e831-42dd-9d03-45d8ccd7a05b\", \"id\": \"002\", \"name\": \"meereen\", \"ip\": \"x.x.x.12\", \"type\": \"filebeat\"}, \"log_type\": \"hids_alert\", \"log\": {\"offset\": 65153722, \"file\": {\"path\": \"/logs/wazuh/alerts.json\"}}, \"timestamp\": \"2026-07-16T06:20:16.751+0000\", \"decoder\": {\"name\": \"windows_eventchannel\"}, \"host\": {\"name\": \"f8e24743dcc1\"}}"
}

### ④ 研判(留痕 + 结果)
# 研判留痕(3 步)
[1] recipe取证「触发事件与主语/主机」→ 1 行
[2] recipe取证「宾语与次要参与者」→ 1 行
[3] ▶ 喂大模型的 user prompt(3578 字符;全文见 §③)

# 研判结果  alert=2abe65b1d54dbc8522fc450a08c1aca87fd880bfbe1b94022676bb9afe6dfa12  path=B  skill=generic_identity
verdict   : suspicious  [倾向 malicious]  (confidence=0.65)
summary   : 域内特权账号(vagrant)删除了测试账号(soc-test-roaster)。虽账号名含'test'，但无明确业务清理证据，且触发告警规则(T1098/T1531)指向攻击者清除痕迹。
rationale : 1. 事件为 EventID 4726 (User account deleted)，主体为 ESSOS 域用户 vagrant (SID 1000)，目标为 soc-test-roaster。2. 告警规则明确关联 MITRE T1098 (Account Manipulation) 和 T1531 (Account Access Removal)，这是攻击者清除凭据或隐藏踪迹的典型行为。3. 虽然目标账号名为'soc-test-roaster'，看似测试账号，但缺乏上下文证明其已被废弃或需清理。攻击者常删除测试账号以掩盖身份或减少攻击面。4. 证据不足点：无法确认 vagrant 是否为管理员/特权账号（虽 SID 1000 通常对应普通用户，但需确认其组权限）；无法确认目标账号是否确属废弃；无法确认是否有后续横向移动或提权行为。
evidence  : ['alert:2abe65b1d54dbc8522fc450a08c1aca87fd880bfbe1b94022676bb9afe6dfa12', 'event:3a3a5d96429952942c045cdf2e168a29426c36eb1db58e8a7ee73b765d56048f', 'technique:T1098', 'technique:T1531']
missing   : ['主体账号 vagrant 的组成员关系及特权属性', '目标账号 soc-test-roaster 的创建时间及最后登录时间（确认是否废弃）', '该账号删除前后的其他异常活动（如登录失败、提权、横向移动）', '是否有授权运维流程记录支持此删除操作']
agent     : qwen3.5-9b
处置(建议): 无

# 批量自测完成
=== done 2026-07-22 06:37Z ===
