=== verify-attack  2026-07-24 09:32Z ===
用户账号 kerberoast 候选 28 条(扫 120 条 kerberoast;机器账号跨域已排除):
  扇出=12  fc4cae6d730160ee requester=vagrant  ['kerberoast.domain_trust_present', 'kerberoast.rc4_requested', 'kerberoast.spn_fanout']
  扇出=12  dc157220582628b7 requester=vagrant  ['kerberoast.domain_trust_present', 'kerberoast.rc4_requested', 'kerberoast.spn_fanout']
  扇出=12  d5d9ce42a33a2128 requester=vagrant  ['kerberoast.domain_trust_present', 'kerberoast.rc4_requested', 'kerberoast.spn_fanout']
  扇出=12  cece2ac27e152bb0 requester=vagrant  ['kerberoast.domain_trust_present', 'kerberoast.rc4_requested', 'kerberoast.spn_fanout']
  扇出=12  ce8a45a62b66b057 requester=vagrant  ['kerberoast.domain_trust_present', 'kerberoast.rc4_requested', 'kerberoast.spn_fanout']
  扇出=12  cbb4de766e971f29 requester=vagrant  ['kerberoast.domain_trust_present', 'kerberoast.rc4_requested', 'kerberoast.spn_fanout']
  扇出=12  c52507addfdcb35b requester=vagrant  ['kerberoast.domain_trust_present', 'kerberoast.rc4_requested', 'kerberoast.spn_fanout']
  扇出=12  c1a6052caf6cbdb4 requester=vagrant  ['kerberoast.domain_trust_present', 'kerberoast.rc4_requested', 'kerberoast.spn_fanout']
  扇出=12  a7c04ede8ec115f0 requester=vagrant  ['kerberoast.domain_trust_present', 'kerberoast.rc4_requested', 'kerberoast.spn_fanout']
  扇出=12  a2063126565b2be8 requester=vagrant  ['kerberoast.domain_trust_present', 'kerberoast.rc4_requested', 'kerberoast.spn_fanout']
2026-07-24 17:34:28 | common | default_trace_id | INFO | Registered connector pool type: default
2026-07-24 17:34:28 | common | default_trace_id | INFO | Registered connector pool type: httpx
2026-07-24 17:34:28 | common | default_trace_id | INFO | Registered query expression support for milvus
2026-07-24 17:34:28 | common | default_trace_id | INFO | Registered query expression support for chroma
2026-07-24 17:34:29 | common | default_trace_id | INFO | Registered parser ExcelParser for .xlsx
2026-07-24 17:34:29 | common | default_trace_id | INFO | Registered parser ExcelParser for .csv
2026-07-24 17:34:29 | common | default_trace_id | INFO | Registered parser ExcelParser for .tsv
2026-07-24 17:34:29 | common | default_trace_id | INFO | Registered parser TxtMdParser for .txt
2026-07-24 17:34:29 | common | default_trace_id | INFO | Registered parser TxtMdParser for .md
2026-07-24 17:34:29 | common | default_trace_id | INFO | Registered parser TxtMdParser for .markdown
2026-07-24 17:34:29 | common | default_trace_id | INFO | Registered parser HTMLFileParser for .htm
2026-07-24 17:34:29 | common | default_trace_id | INFO | Registered parser HTMLFileParser for .html
2026-07-24 17:34:29 | common | default_trace_id | INFO | Registered parser JSONParser for .json
2026-07-24 17:34:29 | common | default_trace_id | INFO | Registered parser PDFParser for .pdf
2026-07-24 17:34:29 | common | default_trace_id | INFO | Registered parser WordParser for .docx
2026-07-24 17:34:29 | common | default_trace_id | INFO | Registered parser ImageParser for .png
2026-07-24 17:34:29 | common | default_trace_id | INFO | Registered parser ImageParser for .jpg
2026-07-24 17:34:29 | common | default_trace_id | INFO | Registered parser ImageParser for .jpeg
2026-07-24 17:34:29 | common | default_trace_id | INFO | Registered parser ImageParser for .webp
2026-07-24 17:34:29 | common | default_trace_id | INFO | Registered parser ImageParser for .gif
2026-07-24 17:34:29 | common | default_trace_id | INFO | Registered parser ImageParser for .jfif
2026-07-24 17:34:30 | workflow | default_trace_id | INFO | {"event_id": "4be2de5f-3493-4062-a80b-963908bccab0", "event_type": "workflow_execute_start", "log_level": "INFO", "timestamp": "2026-07-24T17:34:30.217789+08:00", "module_type": "workflow", "module_id": "workflow", "module_name": "workflow", "status": "success", "message": "Begin to run workflow invoke", "metadata": {}, "workflow_id": "soc_shallow_probe", "workflow_name": "soc_shallow_probe", "inputs": {"alert_view": "{\"alert_uid\": \"fc4cae6d730160ee4d926de0be67a33fc6d26304dbe098167b241c2ea6ff17c7\", \"rule_description\": \"Kerberoast: RC4(0x17) TGS request for service sql_svc\", \"source\": \"wazuh\", \"sensor\": \"wazuh-hids\", \"severity\": 10, \"technique_ids\": [\"T1558.003\"], \"raw\": \"{\\\"@timestamp\\\": \\\"2026-07-13T11:30:27.009Z\\\", \\\"decoder\\\": {\\\"name\\\": \\\"windows_eventchannel\\\"}, \\\"log_source\\\": \\\"wazuh\\\", \\\"id\\\": \\\"1783942226.181119761\\\", \\\"location\\\": \\\"EventChannel\\\", \\\"input\\\": {\\\"type\\\": \\\"log\\\"}, \\\"host\\\": {\\\"name\\\": \\\"f8e24743dcc1\\\"}, \\\"log\\\": {\\\"file\\\": {\\\"path\\\": \\\"/logs/wazuh/alerts.json\\\"}, \\\"offset\\\": 100455498}, \\\"agent\\\": {\\\"name\\\": \\\"meereen\\\", \\\"ip\\\": \\\"192.168.56.12\\\", \\\"hostname\\\": \\\"f8e24743dcc1\\\", \\\"ephemeral_id\\\": \\\"d5d271ec-e831-42dd-9d03-45d8ccd7a05b\\\", \\\"type\\\": \\\"filebeat\\\", \\\"version\\\": \\\"7.17.22\\\", \\\"id\\\": \\\"002\\\"}, \\\"manager\\\": {\\\"name\\\": \\\"e5bb7343f06d\\\"}, \\\"log_type\\\": \\\"hids_alert\\\", \\\"data\\\": {\\\"win\\\": {\\\"system\\\": {\\\"providerName\\\": \\\"Microsoft-Windows-Security-Auditing\\\", \\\"keywords\\\": \\\"0x8020000000000000\\\", \\\"eventID\\\": \\\"4769\\\", \\\"level\\\": \\\"0\\\", \\\"opcode\\\": \\\"0\\\", \\\"systemTime\\\": \\\"2026-07-13T11:30:25.952692200Z\\\", \\\"eventRecordID\\\": \\\"271180\\\", \\\"channel\\\": \\\"Security\\\", \\\"task\\\": \\\"14337\\\", \\\"threadID\\\": \\\"5028\\\", \\\"computer\\\": \\\"meereen.essos.local\\\", \\\"providerGuid\\\": \\\"{54849625-5478-4994-A5BA-3E3B0328C30D}\\\", \\\"message\\\": \\\"\\\\\\\"A Kerberos service ticket was requested.\\\\r\\\\n\\\\r\\\\nAccount Information:\\\\r\\\\n\\\\tAccount Name:\\\\t\\\\tvagrant@ESSOS.LOCAL\\\\r\\\\n\\\\tAccount Domain:\\\\t\\\\tESSOS.LOCAL\\\\r\\\\n\\\\tLogon GUID:\\\\t\\\\t{DF5A1093-49D6-71D9-6C61-8DA65C94A1D6}\\\\r\\\\n\\\\r\\\\nService Information:\\\\r\\\\n\\\\tService Name:\\\\t\\\\tsql_svc\\\\r\\\\n\\\\tService ID:\\\\t\\\\tS-1-5-21-4206617935-2580949811-1114734249-1119\\\\r\\\\n\\\\r\\\\nNetwork Information:\\\\r\\\\n\\\\tClient Address:\\\\t\\\\t::1\\\\r\\\\n\\\\tClient Port:\\\\t\\\\t0\\\\r\\\\n\\\\r\\\\nAdditional Information:\\\\r\\\\n\\\\tTicket Options:\\\\t\\\\t0x40810000\\\\r\\\\n\\\\tTicket Encryption Type:\\\\t0x17\\\\r\\\\n\\\\tFailure Code:\\\\t\\\\t0x0\\\\r\\\\n\\\\tTransited Services:\\\\t-\\\\r\\\\n\\\\r\\\\nThis event is generated every time access is requested to a resource such as a computer or a Windows service.  The service name indicates the resource to which access was requested.\\\\r\\\\n\\\\r\\\\nThis event can be correlated with Windows logon events by comparing the Logon GUID fields in each event.  The logon event occurs on the machine that was accessed, which is often a different machine than the domain controller which issued the service ticket.\\\\r\\\\n\\\\r\\\\nTicket options, encryption types, and failure codes are defined in RFC 4120.\\\\\\\"\\\", \\\"processID\\\": \\\"548\\\", \\\"version\\\": \\\"0\\\", \\\"severityValue\\\": \\\"AUDIT_SUCCESS\\\"}, \\\"eventdata\\\": {\\\"targetDomainName\\\": \\\"ESSOS.LOCAL\\\", \\\"ticketEncryptionType\\\": \\\"0x17\\\", \\\"ipAddress\\\": \\\"::1\\\", \\\"ipPort\\\": \\\"0\\\", \\\"status\\\": \\\"0x0\\\", \\\"logonGuid\\\": \\\"{DF5A1093-49D6-71D9-6C61-8DA65C94A1D6}\\\", \\\"targetUserName\\\": \\\"vagrant@ESSOS.LOCAL\\\", \\\"serviceName\\\": \\\"sql_svc\\\", \\\"serviceSid\\\": \\\"S-1-5-21-4206617935-2580949811-1114734249-1119\\\", \\\"ticketOptions\\\": \\\"0x40810000\\\"}}}, \\\"rule\\\": {\\\"level\\\": 10, \\\"description\\\": \\\"Kerberoast: RC4(0x17) TGS request for service sql_svc\\\", \\\"id\\\": \\\"100801\\\", \\\"mitre\\\": {\\\"tactic\\\": [\\\"Credential Access\\\"], \\\"technique\\\": [\\\"Kerberoasting\\\"], \\\"id\\\": [\\\"T1558.003\\\"]}, \\\"firedtimes\\\": 1, \\\"mail\\\": false, \\\"groups\\\": [\\\"local\\\", \\\"soc\\\", \\\"windows\\\"]}, \\\"timestamp\\\": \\\"2026-07-13T11:30:26.940+0000\\\", \\\"ecs\\\": {\\\"version\\\": \\\"1.12.0\\\"}}\"}"}}
2026-07-24 17:34:30 | graph | default_trace_id | INFO | {"event_id": "c04b59d5-1237-410e-b8fa-9ac19d6d52c9", "event_type": "graph_vertex_init", "log_level": "INFO", "timestamp": "2026-07-24T17:34:30.219116+08:00", "module_type": "system", "module_id": "graph", "module_name": "graph", "status": "success", "message": "Initialized node [start], abilities is ['invoke']", "metadata": {}, "graph_id": "soc_shallow_probe", "node_id": "start"}
2026-07-24 17:34:30 | graph | default_trace_id | INFO | {"event_id": "735e5395-55b5-41e5-ab2c-776fd35db005", "event_type": "graph_vertex_init", "log_level": "INFO", "timestamp": "2026-07-24T17:34:30.219476+08:00", "module_type": "system", "module_id": "graph", "module_name": "graph", "status": "success", "message": "Initialized node [shallow], abilities is ['invoke']", "metadata": {}, "graph_id": "soc_shallow_probe", "node_id": "shallow"}
2026-07-24 17:34:30 | graph | default_trace_id | INFO | {"event_id": "c4bd5872-3b04-496e-bf18-14ed522c7aa6", "event_type": "graph_vertex_init", "log_level": "INFO", "timestamp": "2026-07-24T17:34:30.219805+08:00", "module_type": "system", "module_id": "graph", "module_name": "graph", "status": "success", "message": "Initialized node [capture], abilities is ['invoke']", "metadata": {}, "graph_id": "soc_shallow_probe", "node_id": "capture"}
2026-07-24 17:34:30 | graph | default_trace_id | INFO | {"event_id": "0b69a5df-ee1f-4cc0-8452-02933baff702", "event_type": "graph_vertex_init", "log_level": "INFO", "timestamp": "2026-07-24T17:34:30.220119+08:00", "module_type": "system", "module_id": "graph", "module_name": "graph", "status": "success", "message": "Initialized node [end], abilities is ['invoke']", "metadata": {}, "graph_id": "soc_shallow_probe", "node_id": "end"}
2026-07-24 17:34:30 | session | default_trace_id | INFO | {"event_id": "8f3b8e30-cc4f-4cb5-beae-f5dc3c74f435", "event_type": "checkpointer_store_add", "log_level": "INFO", "timestamp": "2026-07-24T17:34:30.220856+08:00", "module_type": "session", "module_id": "session", "module_name": "session", "session_id": "846344c5-1580-49d0-aa1a-cb2810189f35", "status": "success", "message": "Create a new workflow checkpointer store before workflow execute", "metadata": {"storage_type": "inmemory"}, "workflow_id": "soc_shallow_probe"}
2026-07-24 17:34:30 | graph | default_trace_id | INFO | {"event_id": "85202d59-32f5-4952-9064-7160317e15d7", "event_type": "graph_start", "log_level": "INFO", "timestamp": "2026-07-24T17:34:30.221234+08:00", "module_type": "system", "module_id": "graph", "module_name": "graph", "session_id": "846344c5-1580-49d0-aa1a-cb2810189f35", "status": "success", "message": "Pregel graph engine execution started", "metadata": {"is_top_level": true}, "graph_id": "soc_shallow_probe"}
2026-07-24 17:34:30 | graph | default_trace_id | INFO | {"event_id": "69ffbba9-b58b-43a4-99cc-025236ad75c8", "event_type": "graph_vertex_call_start", "log_level": "INFO", "timestamp": "2026-07-24T17:34:30.221987+08:00", "module_type": "system", "module_id": "graph", "module_name": "graph", "status": "success", "message": "Begin to call batch-in node [start]", "metadata": {}, "graph_id": "soc_shallow_probe", "node_id": "start"}
2026-07-24 17:34:30 | graph | default_trace_id | INFO | {"event_id": "512ed50f-977e-40fd-b7a7-af46c389a133", "event_type": "graph_vertex_ability_start", "log_level": "INFO", "timestamp": "2026-07-24T17:34:30.222346+08:00", "module_type": "system", "module_id": "graph", "module_name": "graph", "status": "success", "message": "Begin to call node [start] ability [invoke]", "metadata": {}, "graph_id": "soc_shallow_probe", "node_id": "start"}
2026-07-24 17:34:30 | graph | default_trace_id | INFO | {"event_id": "79c6c88d-8f00-41f7-8b42-28e8c4068812", "event_type": "graph_vertex_ability_end", "log_level": "INFO", "timestamp": "2026-07-24T17:34:30.222940+08:00", "module_type": "system", "module_id": "graph", "module_name": "graph", "status": "success", "message": "Succeed to call node [start] ability [invoke]", "metadata": {}, "graph_id": "soc_shallow_probe", "node_id": "start"}
2026-07-24 17:34:30 | graph | default_trace_id | INFO | {"event_id": "2e7759f7-4952-4e12-9eea-95b8eb03e702", "event_type": "graph_vertex_call_end", "log_level": "INFO", "timestamp": "2026-07-24T17:34:30.223312+08:00", "module_type": "system", "module_id": "graph", "module_name": "graph", "status": "success", "message": "Succeed to call batch-in node [start]", "metadata": {}, "graph_id": "soc_shallow_probe", "node_id": "start"}
2026-07-24 17:34:30 | graph | default_trace_id | INFO | {"event_id": "f8520de5-a4e8-4521-982e-ad276da05032", "event_type": "graph_vertex_call_start", "log_level": "INFO", "timestamp": "2026-07-24T17:34:30.223844+08:00", "module_type": "system", "module_id": "graph", "module_name": "graph", "status": "success", "message": "Begin to call batch-in node [shallow]", "metadata": {}, "graph_id": "soc_shallow_probe", "node_id": "shallow"}
2026-07-24 17:34:30 | graph | default_trace_id | INFO | {"event_id": "57a73051-5245-4858-8a5c-139cee52eec8", "event_type": "graph_vertex_ability_start", "log_level": "INFO", "timestamp": "2026-07-24T17:34:30.224182+08:00", "module_type": "system", "module_id": "graph", "module_name": "graph", "status": "success", "message": "Begin to call node [shallow] ability [invoke]", "metadata": {}, "graph_id": "soc_shallow_probe", "node_id": "shallow"}
2026-07-24 17:34:30 | workflow | default_trace_id | INFO | {"event_id": "d26eb8de-8737-41d8-af1c-79a33321ac75", "event_type": "workflow_component_start", "log_level": "INFO", "timestamp": "2026-07-24T17:34:30.225392+08:00", "module_type": "workflow_component", "module_id": "workflow", "module_name": "workflow", "session_id": "846344c5-1580-49d0-aa1a-cb2810189f35", "status": "success", "message": "LLM component invoke started", "metadata": {"model_name": "qwen3.5-9b", "has_inputs": true, "sensitive_mode": true}, "component_id": "shallow", "component_type_str": "LLMComponent"}
2026-07-24 17:34:30 | llm | default_trace_id | INFO | {"event_id": "c4b4aaa1-fadf-4652-b96d-2325c65d93bc", "event_type": "llm_call_start", "log_level": "INFO", "timestamp": "2026-07-24T17:34:30.226472+08:00", "module_type": "llm", "module_id": "llm", "module_name": "llm", "status": "success", "message": "Before request chat model, LLM request params ready.", "metadata": {"client_name": "OpenAI client"}, "model_name": "qwen3.5-9b", "model_provider": "OpenAI", "temperature": 0.1, "top_p": 0.1, "is_stream": false, "extra_params": {"extra_body": {"chat_template_kwargs": {"enable_thinking": false}}}}
2026-07-24 17:34:30 | llm | default_trace_id | INFO | {"event_id": "2678ca1d-4cbc-4151-9e56-918110f87280", "event_type": "llm_call_start", "log_level": "INFO", "timestamp": "2026-07-24T17:34:30.229598+08:00", "module_type": "llm", "module_id": "llm", "module_name": "llm", "status": "success", "message": "Before create openai client, model client config params ready.", "metadata": {}, "is_stream": false, "timeout": 600.0, "max_retries": 1}
2026-07-24 17:34:34 | llm | default_trace_id | INFO | {"event_id": "187bb561-9f07-49dc-abe3-cf0ce9c3a4a6", "event_type": "llm_call_end", "log_level": "INFO", "timestamp": "2026-07-24T17:34:34.232172+08:00", "module_type": "llm", "module_id": "llm", "module_name": "llm", "status": "success", "message": "OpenAI API response received.", "metadata": {"response": "ChatCompletion(id='chatcmpl-9db232404940b12a', choices=[Choice(finish_reason='stop', index=0, logprobs=None, message=ChatCompletionMessage(content='{\\n  \"needs_deep\": true,\\n  \"verdict\": \"suspicious\",\\n  \"confidence\": 0.85,\\n  \"rationale\": \"RC4 加密的 Kerberoast 请求虽高度可疑，但需结合该账号基线、登录序列及后续是否有解密哈希/横向移动行为来最终定性。\"\\n}', refusal=None, role='assistant', annotations=None, audio=None, function_call=None, tool_calls=[], reasoning=None), stop_reason=None, token_ids=None)], created=1784885670, model='qwen3.5-9b', object='chat.completion', moderation=None, service_tier=None, system_fingerprint=None, usage=CompletionUsage(completion_tokens=79, prompt_tokens=2066, total_tokens=2145, completion_tokens_details=None, prompt_tokens_details=None), prompt_logprobs=None, prompt_token_ids=None, kv_transfer_params=None)"}, "model_name": "qwen3.5-9b", "model_provider": "OpenAI", "messages": [{"role": "system", "content": "你是 SOC 一线告警分诊器。只给你**这一条告警的原文和元数据**(payload/签名/规则/内容都在里面)。\n\n核心原则:**只有当'深度取证(查主机行为/进程链/登录序列/该实体台账)能提供改变结论的信息'时,升级才有意义。** 光凭告警自身就能定'是攻击还是良性'、深度取证只是补细节(扇出/估值/落地)的,直接判、别升级。\n\n1) 告警自身的签名/内容/payload 就足以定性 → 给 verdict、needs_deep=false:\n   · 良性(false_positive):证书申请字段无效/缺失报错;已知代理/供给工具例行操作(Ansible win_copy、Wazuh 代理);PowerShell 策略自检(__PSScriptPolicyTest)。\n   · 攻击(true_positive):RC4 加密的 Kerberoast 取票;非域控机器账号发起的 DCSync/目录复制;WAF 拦下的明确 SQLi/XSS 注入串;已知恶意工具/载荷签名。\n   —— 这类升级到深度也只补扇出/估值等细节,不改'攻击/良性'的结论,**不必升级**。\n2) 必须重建**主机行为 / 进程父子链 / 登录序列 / 跨层落地**才能定的 → needs_deep=true(verdict=\"suspicious\"):\n   · 一条网络登录,不知源/会话/该账号基线,无法区分正常 vs 横向;\n   · 可疑进程要看父子链、命令行上下文才知恶意与否;\n   · webshell/上传要看后端是否落地(写文件/派生进程/外连)。\n3) 真拿不准 → needs_deep=true。别硬判。\n\n只输出 JSON,不要多余解释。"}, {"role": "user", "content": "Carefully consider the user's question to ensure your answer is logical and makes sense.\n- Make sure your explanation is concise and easy to understand, not verbose.\n- Strictly return the answer in valid JSON format only, and \"DO NOT ADD ANY COMMENTS BEFORE OR AFTER IT\" to ensure it could be formatted as a JSON instance that conforms to the JSON schema below.\nHere is the JSON schema: {\"type\": \"object\", \"properties\": {\"needs_deep\": {\"type\": \"boolean\", \"description\": \"true=需深度研判(要重建主机行为/进程链/登录序列才能定);false=光凭告警就能终局\"}, \"verdict\": {\"type\": \"string\", \"enum\": [\"true_positive\", \"false_positive\", \"suspicious\"], \"description\": \"needs_deep=false 时给 true_positive 或 false_positive;true 时给 suspicious\"}, \"confidence\": {\"type\": \"number\", \"description\": \"对判定的置信 0~1\"}, \"rationale\": {\"type\": \"string\", \"description\": \"一句话依据\"}}, \"required\": [\"needs_deep\", \"verdict\"]}.\nThe question is: {\"alert_uid\": \"fc4cae6d730160ee4d926de0be67a33fc6d26304dbe098167b241c2ea6ff17c7\", \"rule_description\": \"Kerberoast: RC4(0x17) TGS request for service sql_svc\", \"source\": \"wazuh\", \"sensor\": \"wazuh-hids\", \"severity\": 10, \"technique_ids\": [\"T1558.003\"], \"raw\": \"{\\\"@timestamp\\\": \\\"2026-07-13T11:30:27.009Z\\\", \\\"decoder\\\": {\\\"name\\\": \\\"windows_eventchannel\\\"}, \\\"log_source\\\": \\\"wazuh\\\", \\\"id\\\": \\\"1783942226.181119761\\\", \\\"location\\\": \\\"EventChannel\\\", \\\"input\\\": {\\\"type\\\": \\\"log\\\"}, \\\"host\\\": {\\\"name\\\": \\\"f8e24743dcc1\\\"}, \\\"log\\\": {\\\"file\\\": {\\\"path\\\": \\\"/logs/wazuh/alerts.json\\\"}, \\\"offset\\\": 100455498}, \\\"agent\\\": {\\\"name\\\": \\\"meereen\\\", \\\"ip\\\": \\\"192.168.56.12\\\", \\\"hostname\\\": \\\"f8e24743dcc1\\\", \\\"ephemeral_id\\\": \\\"d5d271ec-e831-42dd-9d03-45d8ccd7a05b\\\", \\\"type\\\": \\\"filebeat\\\", \\\"version\\\": \\\"7.17.22\\\", \\\"id\\\": \\\"002\\\"}, \\\"manager\\\": {\\\"name\\\": \\\"e5bb7343f06d\\\"}, \\\"log_type\\\": \\\"hids_alert\\\", \\\"data\\\": {\\\"win\\\": {\\\"system\\\": {\\\"providerName\\\": \\\"Microsoft-Windows-Security-Auditing\\\", \\\"keywords\\\": \\\"0x8020000000000000\\\", \\\"eventID\\\": \\\"4769\\\", \\\"level\\\": \\\"0\\\", \\\"opcode\\\": \\\"0\\\", \\\"systemTime\\\": \\\"2026-07-13T11:30:25.952692200Z\\\", \\\"eventRecordID\\\": \\\"271180\\\", \\\"channel\\\": \\\"Security\\\", \\\"task\\\": \\\"14337\\\", \\\"threadID\\\": \\\"5028\\\", \\\"computer\\\": \\\"meereen.essos.local\\\", \\\"providerGuid\\\": \\\"{54849625-5478-4994-A5BA-3E3B0328C30D}\\\", \\\"message\\\": \\\"\\\\\\\"A Kerberos service ticket was requested.\\\\r\\\\n\\\\r\\\\nAccount Information:\\\\r\\\\n\\\\tAccount Name:\\\\t\\\\tvagrant@ESSOS.LOCAL\\\\r\\\\n\\\\tAccount Domain:\\\\t\\\\tESSOS.LOCAL\\\\r\\\\n\\\\tLogon GUID:\\\\t\\\\t{DF5A1093-49D6-71D9-6C61-8DA65C94A1D6}\\\\r\\\\n\\\\r\\\\nService Information:\\\\r\\\\n\\\\tService Name:\\\\t\\\\tsql_svc\\\\r\\\\n\\\\tService ID:\\\\t\\\\tS-1-5-21-4206617935-2580949811-1114734249-1119\\\\r\\\\n\\\\r\\\\nNetwork Information:\\\\r\\\\n\\\\tClient Address:\\\\t\\\\t::1\\\\r\\\\n\\\\tClient Port:\\\\t\\\\t0\\\\r\\\\n\\\\r\\\\nAdditional Information:\\\\r\\\\n\\\\tTicket Options:\\\\t\\\\t0x40810000\\\\r\\\\n\\\\tTicket Encryption Type:\\\\t0x17\\\\r\\\\n\\\\tFailure Code:\\\\t\\\\t0x0\\\\r\\\\n\\\\tTransited Services:\\\\t-\\\\r\\\\n\\\\r\\\\nThis event is generated every time access is requested to a resource such as a computer or a Windows service.  The service name indicates the resource to which access was requested.\\\\r\\\\n\\\\r\\\\nThis event can be correlated with Windows logon events by comparing the Logon GUID fields in each event.  The logon event occurs on the machine that was accessed, which is often a different machine than the domain controller which issued the service ticket.\\\\r\\\\n\\\\r\\\\nTicket options, encryption types, and failure codes are defined in RFC 4120.\\\\\\\"\\\", \\\"processID\\\": \\\"548\\\", \\\"version\\\": \\\"0\\\", \\\"severityValue\\\": \\\"AUDIT_SUCCESS\\\"}, \\\"eventdata\\\": {\\\"targetDomainName\\\": \\\"ESSOS.LOCAL\\\", \\\"ticketEncryptionType\\\": \\\"0x17\\\", \\\"ipAddress\\\": \\\"::1\\\", \\\"ipPort\\\": \\\"0\\\", \\\"status\\\": \\\"0x0\\\", \\\"logonGuid\\\": \\\"{DF5A1093-49D6-71D9-6C61-8DA65C94A1D6}\\\", \\\"targetUserName\\\": \\\"vagrant@ESSOS.LOCAL\\\", \\\"serviceName\\\": \\\"sql_svc\\\", \\\"serviceSid\\\": \\\"S-1-5-21-4206617935-2580949811-1114734249-1119\\\", \\\"ticketOptions\\\": \\\"0x40810000\\\"}}}, \\\"rule\\\": {\\\"level\\\": 10, \\\"description\\\": \\\"Kerberoast: RC4(0x17) TGS request for service sql_svc\\\", \\\"id\\\": \\\"100801\\\", \\\"mitre\\\": {\\\"tactic\\\": [\\\"Credential Access\\\"], \\\"technique\\\": [\\\"Kerberoasting\\\"], \\\"id\\\": [\\\"T1558.003\\\"]}, \\\"firedtimes\\\": 1, \\\"mail\\\": false, \\\"groups\\\": [\\\"local\\\", \\\"soc\\\", \\\"windows\\\"]}, \\\"timestamp\\\": \\\"2026-07-13T11:30:26.940+0000\\\", \\\"ecs\\\": {\\\"version\\\": \\\"1.12.0\\\"}}\"}."}], "temperature": 0.1, "top_p": 0.1, "is_stream": false}
2026-07-24 17:34:34 | llm | default_trace_id | INFO | {"event_id": "d74bc426-9c26-4e4f-b66a-9759cdb43519", "event_type": "llm_call_end", "log_level": "INFO", "timestamp": "2026-07-24T17:34:34.232867+08:00", "module_type": "llm", "module_id": "llm", "module_name": "llm", "status": "success", "message": "Before parse response with output parser.", "metadata": {"output_parser": "None"}, "model_name": "qwen3.5-9b", "model_provider": "OpenAI", "is_stream": false}
2026-07-24 17:34:34 | llm | default_trace_id | INFO | {"event_id": "9ab52d99-2556-40e7-b9b6-7ede94380114", "event_type": "llm_call_end", "log_level": "INFO", "timestamp": "2026-07-24T17:34:34.233386+08:00", "module_type": "llm", "module_id": "llm", "module_name": "llm", "status": "success", "message": "Before parse content with parser.", "metadata": {}, "model_name": "qwen3.5-9b", "model_provider": "OpenAI", "response_content": "{\n  \"needs_deep\": true,\n  \"verdict\": \"suspicious\",\n  \"confidence\": 0.85,\n  \"rationale\": \"RC4 加密的 Kerberoast 请求虽高度可疑，但需结合该账号基线、登录序列及后续是否有解密哈希/横向移动行为来最终定性。\"\n}", "is_stream": false}
2026-07-24 17:34:34 | llm | default_trace_id | INFO | {"event_id": "44f3223a-22bb-4285-869b-97f00c66e14e", "event_type": "llm_call_end", "log_level": "INFO", "timestamp": "2026-07-24T17:34:34.233731+08:00", "module_type": "llm", "module_id": "llm", "module_name": "llm", "status": "success", "message": "Before parse content with parser config.", "metadata": {"parser": "None"}, "model_name": "qwen3.5-9b", "model_provider": "OpenAI", "is_stream": false}
2026-07-24 17:34:34 | workflow | default_trace_id | INFO | {"event_id": "35c2ccb3-0bee-45fc-97dc-24972d30b9ef", "event_type": "workflow_component_end", "log_level": "INFO", "timestamp": "2026-07-24T17:34:34.234447+08:00", "module_type": "workflow_component", "module_id": "workflow", "module_name": "workflow", "session_id": "846344c5-1580-49d0-aa1a-cb2810189f35", "status": "success", "message": "LLM component invoke completed", "metadata": {"has_response": true, "response_length": 156, "sensitive_mode": true}, "component_id": "shallow", "component_type_str": "LLMComponent"}
2026-07-24 17:34:34 | graph | default_trace_id | INFO | {"event_id": "6df1ac73-24d1-4a19-912d-b8d27f97d0eb", "event_type": "graph_vertex_ability_end", "log_level": "INFO", "timestamp": "2026-07-24T17:34:34.240646+08:00", "module_type": "system", "module_id": "graph", "module_name": "graph", "status": "success", "message": "Succeed to call node [shallow] ability [invoke]", "metadata": {}, "graph_id": "soc_shallow_probe", "node_id": "shallow"}
2026-07-24 17:34:34 | graph | default_trace_id | INFO | {"event_id": "5454bbde-4525-4c46-a9d7-e1c63601e613", "event_type": "graph_vertex_call_end", "log_level": "INFO", "timestamp": "2026-07-24T17:34:34.241042+08:00", "module_type": "system", "module_id": "graph", "module_name": "graph", "status": "success", "message": "Succeed to call batch-in node [shallow]", "metadata": {}, "graph_id": "soc_shallow_probe", "node_id": "shallow"}
2026-07-24 17:34:34 | graph | default_trace_id | INFO | {"event_id": "ef309cbe-3c5a-4968-850a-d73374979d4a", "event_type": "graph_vertex_call_start", "log_level": "INFO", "timestamp": "2026-07-24T17:34:34.241634+08:00", "module_type": "system", "module_id": "graph", "module_name": "graph", "status": "success", "message": "Begin to call batch-in node [capture]", "metadata": {}, "graph_id": "soc_shallow_probe", "node_id": "capture"}
2026-07-24 17:34:34 | graph | default_trace_id | INFO | {"event_id": "33b130a7-d52a-40b1-8ff3-74c74f6322f4", "event_type": "graph_vertex_ability_start", "log_level": "INFO", "timestamp": "2026-07-24T17:34:34.241998+08:00", "module_type": "system", "module_id": "graph", "module_name": "graph", "status": "success", "message": "Begin to call node [capture] ability [invoke]", "metadata": {}, "graph_id": "soc_shallow_probe", "node_id": "capture"}
2026-07-24 17:34:34 | graph | default_trace_id | INFO | {"event_id": "c896765f-5c51-4949-92f6-64d16cef91b3", "event_type": "graph_vertex_ability_end", "log_level": "INFO", "timestamp": "2026-07-24T17:34:34.242596+08:00", "module_type": "system", "module_id": "graph", "module_name": "graph", "status": "success", "message": "Succeed to call node [capture] ability [invoke]", "metadata": {}, "graph_id": "soc_shallow_probe", "node_id": "capture"}
2026-07-24 17:34:34 | graph | default_trace_id | INFO | {"event_id": "d2a98642-5cf8-4af7-b1be-5af92740ba50", "event_type": "graph_vertex_call_end", "log_level": "INFO", "timestamp": "2026-07-24T17:34:34.242944+08:00", "module_type": "system", "module_id": "graph", "module_name": "graph", "status": "success", "message": "Succeed to call batch-in node [capture]", "metadata": {}, "graph_id": "soc_shallow_probe", "node_id": "capture"}
2026-07-24 17:34:34 | graph | default_trace_id | INFO | {"event_id": "9fd918b3-780e-405d-b12b-d4b642665202", "event_type": "graph_vertex_call_start", "log_level": "INFO", "timestamp": "2026-07-24T17:34:34.243464+08:00", "module_type": "system", "module_id": "graph", "module_name": "graph", "status": "success", "message": "Begin to call batch-in node [end]", "metadata": {}, "graph_id": "soc_shallow_probe", "node_id": "end"}
2026-07-24 17:34:34 | graph | default_trace_id | INFO | {"event_id": "c9a0c729-0655-41e0-8c2c-8dbee3c47ce2", "event_type": "graph_vertex_ability_start", "log_level": "INFO", "timestamp": "2026-07-24T17:34:34.243801+08:00", "module_type": "system", "module_id": "graph", "module_name": "graph", "status": "success", "message": "Begin to call node [end] ability [invoke]", "metadata": {}, "graph_id": "soc_shallow_probe", "node_id": "end"}
2026-07-24 17:34:34 | graph | default_trace_id | INFO | {"event_id": "29e5a0d8-aab0-4b43-9d84-4a663a4a8fd4", "event_type": "graph_vertex_ability_end", "log_level": "INFO", "timestamp": "2026-07-24T17:34:34.244478+08:00", "module_type": "system", "module_id": "graph", "module_name": "graph", "status": "success", "message": "Succeed to call node [end] ability [invoke]", "metadata": {}, "graph_id": "soc_shallow_probe", "node_id": "end"}
2026-07-24 17:34:34 | graph | default_trace_id | INFO | {"event_id": "44e26388-6ce5-4f5d-b02b-094516f6ecdb", "event_type": "graph_vertex_call_end", "log_level": "INFO", "timestamp": "2026-07-24T17:34:34.244820+08:00", "module_type": "system", "module_id": "graph", "module_name": "graph", "status": "success", "message": "Succeed to call batch-in node [end]", "metadata": {}, "graph_id": "soc_shallow_probe", "node_id": "end"}
2026-07-24 17:34:34 | graph | default_trace_id | INFO | {"event_id": "53633119-02f7-45ad-80d6-6a745609b3d3", "event_type": "graph_end", "log_level": "INFO", "timestamp": "2026-07-24T17:34:34.245235+08:00", "module_type": "system", "module_id": "graph", "module_name": "graph", "session_id": "846344c5-1580-49d0-aa1a-cb2810189f35", "status": "success", "message": "Pregel graph engine execution completed", "metadata": {"total_steps": 5}, "graph_id": "soc_shallow_probe"}
2026-07-24 17:34:34 | session | default_trace_id | INFO | {"event_id": "ae3d3790-cd8c-495d-acee-e68fe4f1b69c", "event_type": "checkpoint_clear", "log_level": "INFO", "timestamp": "2026-07-24T17:34:34.245566+08:00", "module_type": "session", "module_id": "session", "module_name": "session", "session_id": "846344c5-1580-49d0-aa1a-cb2810189f35", "status": "success", "message": "Begin to clear all of current workflow's checkpoints on workflow execute completion", "metadata": {"storage_type": "inmemory"}, "workflow_id": "soc_shallow_probe"}
2026-07-24 17:34:34 | session | default_trace_id | INFO | {"event_id": "b0ed08ae-8e6a-44dd-af67-f66d3ca2f12c", "event_type": "checkpoint_clear", "log_level": "INFO", "timestamp": "2026-07-24T17:34:34.245887+08:00", "module_type": "session", "module_id": "session", "module_name": "session", "session_id": "846344c5-1580-49d0-aa1a-cb2810189f35", "status": "success", "message": "Succeed to clear all of current workflow's checkpoints on workflow execute completion", "metadata": {"storage_type": "inmemory"}, "workflow_id": "soc_shallow_probe"}
2026-07-24 17:34:34 | session | default_trace_id | INFO | {"event_id": "124b8e24-635d-42a5-a863-b8b0573c01de", "event_type": "checkpointer_store_remove", "log_level": "INFO", "timestamp": "2026-07-24T17:34:34.246196+08:00", "module_type": "session", "module_id": "session", "module_name": "session", "session_id": "846344c5-1580-49d0-aa1a-cb2810189f35", "status": "success", "message": "Remove workflow checkpoint store on workflow execute completion", "metadata": {"storage_type": "inmemory"}, "workflow_id": "soc_shallow_probe"}
2026-07-24 17:34:34 | workflow | default_trace_id | INFO | {"event_id": "fddeaa2f-8c90-4c2f-97ff-4867b6018ed2", "event_type": "workflow_execute_end", "log_level": "INFO", "timestamp": "2026-07-24T17:34:34.246954+08:00", "module_type": "workflow", "module_id": "workflow", "module_name": "workflow", "session_id": "846344c5-1580-49d0-aa1a-cb2810189f35", "status": "success", "message": "Succeed to run workflow invoke", "metadata": {}, "workflow_id": "soc_shallow_probe", "workflow_name": "soc_shallow_probe", "outputs": "result={'response': 'True'} state=<WorkflowExecutionState.COMPLETED: 'COMPLETED'>"}

  研判 fc4cae6d730160ee(requester=vagrant, 扇出=12)→ verdict=true_positive path=B decision=FALLTHROUGH

★深度判 TP:fc4cae6d730160ee4d92 —— 处置台账:
  ResponsePlan.status = proposed   (★manual 应为 proposed=待处置)
  处置步骤:
    - escalate → None   [status=proposed]
    - escalate → None   [status=proposed]
    - escalate → None   [status=proposed]
=== done ===
